{"/Users/davidherrera/Documents/Research/Thesis/code/mc2wasm-lib/src/ts/classes/macharray/MachRuntime.ts":{"path":"/Users/davidherrera/Documents/Research/Thesis/code/mc2wasm-lib/src/ts/classes/macharray/MachRuntime.ts","statementMap":{"0":{"start":{"line":2,"column":19},"end":{"line":8,"column":1}},"1":{"start":{"line":3,"column":4},"end":{"line":3,"column":42}},"2":{"start":{"line":3,"column":31},"end":{"line":3,"column":42}},"3":{"start":{"line":4,"column":17},"end":{"line":4,"column":19}},"4":{"start":{"line":5,"column":4},"end":{"line":5,"column":99}},"5":{"start":{"line":5,"column":21},"end":{"line":5,"column":99}},"6":{"start":{"line":5,"column":40},"end":{"line":5,"column":99}},"7":{"start":{"line":5,"column":80},"end":{"line":5,"column":99}},"8":{"start":{"line":6,"column":4},"end":{"line":6,"column":28}},"9":{"start":{"line":7,"column":4},"end":{"line":7,"column":18}},"10":{"start":{"line":9,"column":0},"end":{"line":9,"column":62}},"11":{"start":{"line":10,"column":16},"end":{"line":10,"column":34}},"12":{"start":{"line":11,"column":20},"end":{"line":11,"column":42}},"13":{"start":{"line":12,"column":16},"end":{"line":12,"column":35}},"14":{"start":{"line":13,"column":19},"end":{"line":13,"column":40}},"15":{"start":{"line":14,"column":11},"end":{"line":14,"column":38}},"16":{"start":{"line":15,"column":13},"end":{"line":15,"column":42}},"17":{"start":{"line":18,"column":8},"end":{"line":18,"column":25}},"18":{"start":{"line":19,"column":8},"end":{"line":19,"column":22}},"19":{"start":{"line":20,"column":8},"end":{"line":20,"column":37}},"20":{"start":{"line":27,"column":17},"end":{"line":27,"column":145}},"21":{"start":{"line":27,"column":109},"end":{"line":27,"column":143}},"22":{"start":{"line":28,"column":8},"end":{"line":28,"column":52}},"23":{"start":{"line":31,"column":8},"end":{"line":31,"column":151}},"24":{"start":{"line":34,"column":8},"end":{"line":34,"column":36}},"25":{"start":{"line":37,"column":8},"end":{"line":37,"column":39}},"26":{"start":{"line":40,"column":8},"end":{"line":61,"column":9}},"27":{"start":{"line":41,"column":12},"end":{"line":41,"column":53}},"28":{"start":{"line":43,"column":13},"end":{"line":61,"column":9}},"29":{"start":{"line":44,"column":12},"end":{"line":44,"column":24}},"30":{"start":{"line":45,"column":12},"end":{"line":45,"column":63}},"31":{"start":{"line":47,"column":13},"end":{"line":61,"column":9}},"32":{"start":{"line":48,"column":24},"end":{"line":48,"column":26}},"33":{"start":{"line":49,"column":12},"end":{"line":49,"column":24}},"34":{"start":{"line":50,"column":29},"end":{"line":50,"column":31}},"35":{"start":{"line":51,"column":12},"end":{"line":51,"column":36}},"36":{"start":{"line":52,"column":12},"end":{"line":52,"column":39}},"37":{"start":{"line":53,"column":12},"end":{"line":55,"column":19}},"38":{"start":{"line":54,"column":16},"end":{"line":54,"column":42}},"39":{"start":{"line":56,"column":26},"end":{"line":56,"column":54}},"40":{"start":{"line":57,"column":12},"end":{"line":57,"column":48}},"41":{"start":{"line":60,"column":12},"end":{"line":60,"column":71}},"42":{"start":{"line":64,"column":8},"end":{"line":65,"column":56}},"43":{"start":{"line":65,"column":12},"end":{"line":65,"column":56}},"44":{"start":{"line":66,"column":8},"end":{"line":73,"column":9}},"45":{"start":{"line":67,"column":12},"end":{"line":72,"column":13}},"46":{"start":{"line":68,"column":16},"end":{"line":68,"column":36}},"47":{"start":{"line":71,"column":16},"end":{"line":71,"column":41}},"48":{"start":{"line":74,"column":33},"end":{"line":74,"column":71}},"49":{"start":{"line":75,"column":26},"end":{"line":75,"column":101}},"50":{"start":{"line":76,"column":24},"end":{"line":76,"column":25}},"51":{"start":{"line":77,"column":8},"end":{"line":80,"column":9}},"52":{"start":{"line":77,"column":21},"end":{"line":77,"column":22}},"53":{"start":{"line":78,"column":12},"end":{"line":78,"column":38}},"54":{"start":{"line":79,"column":12},"end":{"line":79,"column":34}},"55":{"start":{"line":81,"column":25},"end":{"line":81,"column":92}},"56":{"start":{"line":83,"column":8},"end":{"line":84,"column":86}},"57":{"start":{"line":84,"column":12},"end":{"line":84,"column":86}},"58":{"start":{"line":85,"column":8},"end":{"line":85,"column":57}},"59":{"start":{"line":86,"column":8},"end":{"line":94,"column":9}},"60":{"start":{"line":87,"column":12},"end":{"line":88,"column":103}},"61":{"start":{"line":88,"column":16},"end":{"line":88,"column":103}},"62":{"start":{"line":89,"column":12},"end":{"line":90,"column":102}},"63":{"start":{"line":90,"column":16},"end":{"line":90,"column":102}},"64":{"start":{"line":93,"column":12},"end":{"line":93,"column":75}},"65":{"start":{"line":95,"column":8},"end":{"line":98,"column":9}},"66":{"start":{"line":96,"column":12},"end":{"line":97,"column":115}},"67":{"start":{"line":97,"column":16},"end":{"line":97,"column":115}},"68":{"start":{"line":99,"column":8},"end":{"line":104,"column":9}},"69":{"start":{"line":100,"column":12},"end":{"line":100,"column":125}},"70":{"start":{"line":103,"column":12},"end":{"line":103,"column":111}},"71":{"start":{"line":106,"column":8},"end":{"line":115,"column":9}},"72":{"start":{"line":107,"column":12},"end":{"line":107,"column":98}},"73":{"start":{"line":109,"column":12},"end":{"line":109,"column":35}},"74":{"start":{"line":112,"column":29},"end":{"line":112,"column":121}},"75":{"start":{"line":113,"column":12},"end":{"line":113,"column":47}},"76":{"start":{"line":114,"column":12},"end":{"line":114,"column":67}},"77":{"start":{"line":116,"column":8},"end":{"line":122,"column":9}},"78":{"start":{"line":117,"column":24},"end":{"line":117,"column":25}},"79":{"start":{"line":118,"column":12},"end":{"line":121,"column":13}},"80":{"start":{"line":118,"column":25},"end":{"line":118,"column":46}},"81":{"start":{"line":119,"column":16},"end":{"line":119,"column":40}},"82":{"start":{"line":120,"column":16},"end":{"line":120,"column":39}},"83":{"start":{"line":124,"column":8},"end":{"line":124,"column":52}},"84":{"start":{"line":125,"column":8},"end":{"line":125,"column":19}},"85":{"start":{"line":128,"column":8},"end":{"line":128,"column":31}},"86":{"start":{"line":131,"column":8},"end":{"line":131,"column":31}},"87":{"start":{"line":134,"column":8},"end":{"line":134,"column":32}},"88":{"start":{"line":137,"column":8},"end":{"line":137,"column":26}},"89":{"start":{"line":140,"column":8},"end":{"line":140,"column":26}},"90":{"start":{"line":143,"column":8},"end":{"line":143,"column":30}},"91":{"start":{"line":146,"column":8},"end":{"line":146,"column":30}},"92":{"start":{"line":149,"column":8},"end":{"line":149,"column":27}},"93":{"start":{"line":157,"column":8},"end":{"line":157,"column":30}},"94":{"start":{"line":160,"column":8},"end":{"line":161,"column":77}},"95":{"start":{"line":161,"column":12},"end":{"line":161,"column":77}},"96":{"start":{"line":162,"column":20},"end":{"line":162,"column":54}},"97":{"start":{"line":163,"column":18},"end":{"line":163,"column":78}},"98":{"start":{"line":164,"column":8},"end":{"line":164,"column":39}},"99":{"start":{"line":165,"column":8},"end":{"line":165,"column":19}},"100":{"start":{"line":168,"column":8},"end":{"line":169,"column":77}},"101":{"start":{"line":169,"column":12},"end":{"line":169,"column":77}},"102":{"start":{"line":170,"column":20},"end":{"line":170,"column":54}},"103":{"start":{"line":171,"column":18},"end":{"line":171,"column":65}},"104":{"start":{"line":172,"column":8},"end":{"line":172,"column":39}},"105":{"start":{"line":173,"column":8},"end":{"line":173,"column":19}},"106":{"start":{"line":176,"column":8},"end":{"line":177,"column":77}},"107":{"start":{"line":177,"column":12},"end":{"line":177,"column":77}},"108":{"start":{"line":178,"column":8},"end":{"line":180,"column":9}},"109":{"start":{"line":179,"column":12},"end":{"line":179,"column":81}},"110":{"start":{"line":181,"column":20},"end":{"line":181,"column":54}},"111":{"start":{"line":182,"column":18},"end":{"line":182,"column":65}},"112":{"start":{"line":183,"column":8},"end":{"line":183,"column":39}},"113":{"start":{"line":184,"column":8},"end":{"line":184,"column":19}},"114":{"start":{"line":187,"column":8},"end":{"line":188,"column":77}},"115":{"start":{"line":188,"column":12},"end":{"line":188,"column":77}},"116":{"start":{"line":189,"column":20},"end":{"line":189,"column":54}},"117":{"start":{"line":190,"column":18},"end":{"line":190,"column":66}},"118":{"start":{"line":191,"column":8},"end":{"line":191,"column":39}},"119":{"start":{"line":192,"column":8},"end":{"line":192,"column":19}},"120":{"start":{"line":200,"column":8},"end":{"line":200,"column":51}},"121":{"start":{"line":203,"column":8},"end":{"line":204,"column":77}},"122":{"start":{"line":204,"column":12},"end":{"line":204,"column":77}},"123":{"start":{"line":205,"column":24},"end":{"line":205,"column":59}},"124":{"start":{"line":206,"column":18},"end":{"line":206,"column":79}},"125":{"start":{"line":207,"column":8},"end":{"line":207,"column":43}},"126":{"start":{"line":208,"column":8},"end":{"line":208,"column":19}},"127":{"start":{"line":211,"column":8},"end":{"line":212,"column":77}},"128":{"start":{"line":212,"column":12},"end":{"line":212,"column":77}},"129":{"start":{"line":213,"column":20},"end":{"line":213,"column":54}},"130":{"start":{"line":214,"column":18},"end":{"line":214,"column":65}},"131":{"start":{"line":215,"column":8},"end":{"line":215,"column":39}},"132":{"start":{"line":216,"column":8},"end":{"line":216,"column":19}},"133":{"start":{"line":219,"column":8},"end":{"line":220,"column":77}},"134":{"start":{"line":220,"column":12},"end":{"line":220,"column":77}},"135":{"start":{"line":221,"column":20},"end":{"line":221,"column":54}},"136":{"start":{"line":222,"column":18},"end":{"line":222,"column":66}},"137":{"start":{"line":223,"column":8},"end":{"line":223,"column":39}},"138":{"start":{"line":224,"column":8},"end":{"line":224,"column":19}},"139":{"start":{"line":227,"column":8},"end":{"line":228,"column":77}},"140":{"start":{"line":228,"column":12},"end":{"line":228,"column":77}},"141":{"start":{"line":229,"column":20},"end":{"line":229,"column":54}},"142":{"start":{"line":230,"column":18},"end":{"line":230,"column":64}},"143":{"start":{"line":231,"column":8},"end":{"line":231,"column":39}},"144":{"start":{"line":232,"column":8},"end":{"line":232,"column":19}},"145":{"start":{"line":235,"column":8},"end":{"line":238,"column":76}},"146":{"start":{"line":236,"column":12},"end":{"line":236,"column":71}},"147":{"start":{"line":238,"column":12},"end":{"line":238,"column":76}},"148":{"start":{"line":241,"column":8},"end":{"line":241,"column":27}},"149":{"start":{"line":249,"column":8},"end":{"line":260,"column":9}},"150":{"start":{"line":250,"column":12},"end":{"line":250,"column":91}},"151":{"start":{"line":253,"column":28},"end":{"line":253,"column":68}},"152":{"start":{"line":254,"column":12},"end":{"line":256,"column":15}},"153":{"start":{"line":255,"column":16},"end":{"line":255,"column":87}},"154":{"start":{"line":257,"column":25},"end":{"line":257,"column":57}},"155":{"start":{"line":258,"column":12},"end":{"line":258,"column":47}},"156":{"start":{"line":259,"column":12},"end":{"line":259,"column":26}},"157":{"start":{"line":268,"column":8},"end":{"line":279,"column":9}},"158":{"start":{"line":269,"column":12},"end":{"line":269,"column":92}},"159":{"start":{"line":272,"column":28},"end":{"line":272,"column":68}},"160":{"start":{"line":273,"column":12},"end":{"line":275,"column":15}},"161":{"start":{"line":274,"column":16},"end":{"line":274,"column":87}},"162":{"start":{"line":276,"column":25},"end":{"line":276,"column":58}},"163":{"start":{"line":277,"column":12},"end":{"line":277,"column":47}},"164":{"start":{"line":278,"column":12},"end":{"line":278,"column":26}},"165":{"start":{"line":283,"column":22},"end":{"line":283,"column":87}},"166":{"start":{"line":284,"column":8},"end":{"line":297,"column":9}},"167":{"start":{"line":285,"column":12},"end":{"line":285,"column":31}},"168":{"start":{"line":287,"column":13},"end":{"line":297,"column":9}},"169":{"start":{"line":288,"column":12},"end":{"line":288,"column":98}},"170":{"start":{"line":290,"column":13},"end":{"line":297,"column":9}},"171":{"start":{"line":291,"column":12},"end":{"line":291,"column":98}},"172":{"start":{"line":294,"column":12},"end":{"line":294,"column":24}},"173":{"start":{"line":295,"column":12},"end":{"line":295,"column":24}},"174":{"start":{"line":296,"column":12},"end":{"line":296,"column":112}},"175":{"start":{"line":300,"column":8},"end":{"line":315,"column":9}},"176":{"start":{"line":301,"column":12},"end":{"line":301,"column":31}},"177":{"start":{"line":303,"column":13},"end":{"line":315,"column":9}},"178":{"start":{"line":304,"column":12},"end":{"line":304,"column":24}},"179":{"start":{"line":305,"column":12},"end":{"line":305,"column":90}},"180":{"start":{"line":307,"column":13},"end":{"line":315,"column":9}},"181":{"start":{"line":308,"column":12},"end":{"line":308,"column":24}},"182":{"start":{"line":309,"column":12},"end":{"line":309,"column":90}},"183":{"start":{"line":312,"column":12},"end":{"line":312,"column":24}},"184":{"start":{"line":313,"column":12},"end":{"line":313,"column":24}},"185":{"start":{"line":314,"column":12},"end":{"line":314,"column":104}},"186":{"start":{"line":318,"column":8},"end":{"line":333,"column":9}},"187":{"start":{"line":319,"column":12},"end":{"line":319,"column":31}},"188":{"start":{"line":321,"column":13},"end":{"line":333,"column":9}},"189":{"start":{"line":322,"column":12},"end":{"line":322,"column":24}},"190":{"start":{"line":323,"column":12},"end":{"line":323,"column":90}},"191":{"start":{"line":325,"column":13},"end":{"line":333,"column":9}},"192":{"start":{"line":326,"column":12},"end":{"line":326,"column":24}},"193":{"start":{"line":327,"column":12},"end":{"line":327,"column":90}},"194":{"start":{"line":330,"column":12},"end":{"line":330,"column":24}},"195":{"start":{"line":331,"column":12},"end":{"line":331,"column":24}},"196":{"start":{"line":332,"column":12},"end":{"line":332,"column":104}},"197":{"start":{"line":336,"column":8},"end":{"line":351,"column":9}},"198":{"start":{"line":337,"column":12},"end":{"line":337,"column":31}},"199":{"start":{"line":339,"column":13},"end":{"line":351,"column":9}},"200":{"start":{"line":340,"column":12},"end":{"line":340,"column":24}},"201":{"start":{"line":341,"column":12},"end":{"line":341,"column":91}},"202":{"start":{"line":343,"column":13},"end":{"line":351,"column":9}},"203":{"start":{"line":344,"column":12},"end":{"line":344,"column":24}},"204":{"start":{"line":345,"column":12},"end":{"line":345,"column":91}},"205":{"start":{"line":348,"column":12},"end":{"line":348,"column":24}},"206":{"start":{"line":349,"column":12},"end":{"line":349,"column":24}},"207":{"start":{"line":350,"column":12},"end":{"line":350,"column":105}},"208":{"start":{"line":354,"column":8},"end":{"line":369,"column":9}},"209":{"start":{"line":355,"column":12},"end":{"line":355,"column":31}},"210":{"start":{"line":357,"column":13},"end":{"line":369,"column":9}},"211":{"start":{"line":358,"column":12},"end":{"line":358,"column":24}},"212":{"start":{"line":359,"column":12},"end":{"line":359,"column":92}},"213":{"start":{"line":361,"column":13},"end":{"line":369,"column":9}},"214":{"start":{"line":362,"column":12},"end":{"line":362,"column":24}},"215":{"start":{"line":363,"column":12},"end":{"line":363,"column":92}},"216":{"start":{"line":366,"column":12},"end":{"line":366,"column":24}},"217":{"start":{"line":367,"column":12},"end":{"line":367,"column":24}},"218":{"start":{"line":368,"column":12},"end":{"line":368,"column":106}},"219":{"start":{"line":372,"column":8},"end":{"line":387,"column":9}},"220":{"start":{"line":373,"column":12},"end":{"line":373,"column":31}},"221":{"start":{"line":375,"column":13},"end":{"line":387,"column":9}},"222":{"start":{"line":376,"column":12},"end":{"line":376,"column":24}},"223":{"start":{"line":377,"column":12},"end":{"line":377,"column":92}},"224":{"start":{"line":379,"column":13},"end":{"line":387,"column":9}},"225":{"start":{"line":380,"column":12},"end":{"line":380,"column":24}},"226":{"start":{"line":381,"column":12},"end":{"line":381,"column":92}},"227":{"start":{"line":384,"column":12},"end":{"line":384,"column":24}},"228":{"start":{"line":385,"column":12},"end":{"line":385,"column":24}},"229":{"start":{"line":386,"column":12},"end":{"line":386,"column":106}},"230":{"start":{"line":390,"column":8},"end":{"line":405,"column":9}},"231":{"start":{"line":391,"column":12},"end":{"line":391,"column":47}},"232":{"start":{"line":393,"column":13},"end":{"line":405,"column":9}},"233":{"start":{"line":394,"column":12},"end":{"line":394,"column":24}},"234":{"start":{"line":395,"column":12},"end":{"line":395,"column":88}},"235":{"start":{"line":397,"column":13},"end":{"line":405,"column":9}},"236":{"start":{"line":398,"column":12},"end":{"line":398,"column":24}},"237":{"start":{"line":399,"column":12},"end":{"line":399,"column":88}},"238":{"start":{"line":402,"column":12},"end":{"line":402,"column":24}},"239":{"start":{"line":403,"column":12},"end":{"line":403,"column":24}},"240":{"start":{"line":404,"column":12},"end":{"line":404,"column":102}},"241":{"start":{"line":408,"column":8},"end":{"line":423,"column":9}},"242":{"start":{"line":409,"column":12},"end":{"line":409,"column":47}},"243":{"start":{"line":411,"column":13},"end":{"line":423,"column":9}},"244":{"start":{"line":412,"column":12},"end":{"line":412,"column":24}},"245":{"start":{"line":413,"column":12},"end":{"line":413,"column":88}},"246":{"start":{"line":415,"column":13},"end":{"line":423,"column":9}},"247":{"start":{"line":416,"column":12},"end":{"line":416,"column":24}},"248":{"start":{"line":417,"column":12},"end":{"line":417,"column":88}},"249":{"start":{"line":420,"column":12},"end":{"line":420,"column":24}},"250":{"start":{"line":421,"column":12},"end":{"line":421,"column":24}},"251":{"start":{"line":422,"column":12},"end":{"line":422,"column":102}},"252":{"start":{"line":426,"column":8},"end":{"line":441,"column":9}},"253":{"start":{"line":427,"column":12},"end":{"line":427,"column":40}},"254":{"start":{"line":429,"column":13},"end":{"line":441,"column":9}},"255":{"start":{"line":430,"column":12},"end":{"line":430,"column":24}},"256":{"start":{"line":431,"column":12},"end":{"line":431,"column":90}},"257":{"start":{"line":433,"column":13},"end":{"line":441,"column":9}},"258":{"start":{"line":434,"column":12},"end":{"line":434,"column":24}},"259":{"start":{"line":435,"column":12},"end":{"line":435,"column":90}},"260":{"start":{"line":438,"column":12},"end":{"line":438,"column":24}},"261":{"start":{"line":439,"column":12},"end":{"line":439,"column":24}},"262":{"start":{"line":440,"column":12},"end":{"line":440,"column":104}},"263":{"start":{"line":444,"column":8},"end":{"line":459,"column":9}},"264":{"start":{"line":445,"column":12},"end":{"line":445,"column":31}},"265":{"start":{"line":447,"column":13},"end":{"line":459,"column":9}},"266":{"start":{"line":448,"column":12},"end":{"line":448,"column":24}},"267":{"start":{"line":449,"column":12},"end":{"line":449,"column":87}},"268":{"start":{"line":451,"column":13},"end":{"line":459,"column":9}},"269":{"start":{"line":452,"column":12},"end":{"line":452,"column":24}},"270":{"start":{"line":453,"column":12},"end":{"line":453,"column":87}},"271":{"start":{"line":456,"column":12},"end":{"line":456,"column":24}},"272":{"start":{"line":457,"column":12},"end":{"line":457,"column":24}},"273":{"start":{"line":458,"column":12},"end":{"line":458,"column":101}},"274":{"start":{"line":462,"column":8},"end":{"line":477,"column":9}},"275":{"start":{"line":463,"column":12},"end":{"line":463,"column":32}},"276":{"start":{"line":465,"column":13},"end":{"line":477,"column":9}},"277":{"start":{"line":466,"column":12},"end":{"line":466,"column":24}},"278":{"start":{"line":467,"column":12},"end":{"line":467,"column":87}},"279":{"start":{"line":469,"column":13},"end":{"line":477,"column":9}},"280":{"start":{"line":470,"column":12},"end":{"line":470,"column":24}},"281":{"start":{"line":471,"column":12},"end":{"line":471,"column":87}},"282":{"start":{"line":474,"column":12},"end":{"line":474,"column":24}},"283":{"start":{"line":475,"column":12},"end":{"line":475,"column":24}},"284":{"start":{"line":476,"column":12},"end":{"line":476,"column":101}},"285":{"start":{"line":480,"column":8},"end":{"line":495,"column":9}},"286":{"start":{"line":481,"column":12},"end":{"line":481,"column":31}},"287":{"start":{"line":483,"column":13},"end":{"line":495,"column":9}},"288":{"start":{"line":484,"column":12},"end":{"line":484,"column":24}},"289":{"start":{"line":485,"column":12},"end":{"line":485,"column":87}},"290":{"start":{"line":487,"column":13},"end":{"line":495,"column":9}},"291":{"start":{"line":488,"column":12},"end":{"line":488,"column":24}},"292":{"start":{"line":489,"column":12},"end":{"line":489,"column":87}},"293":{"start":{"line":492,"column":12},"end":{"line":492,"column":24}},"294":{"start":{"line":493,"column":12},"end":{"line":493,"column":24}},"295":{"start":{"line":494,"column":12},"end":{"line":494,"column":101}},"296":{"start":{"line":498,"column":8},"end":{"line":513,"column":9}},"297":{"start":{"line":499,"column":12},"end":{"line":499,"column":32}},"298":{"start":{"line":501,"column":13},"end":{"line":513,"column":9}},"299":{"start":{"line":502,"column":12},"end":{"line":502,"column":24}},"300":{"start":{"line":503,"column":12},"end":{"line":503,"column":87}},"301":{"start":{"line":505,"column":13},"end":{"line":513,"column":9}},"302":{"start":{"line":506,"column":12},"end":{"line":506,"column":24}},"303":{"start":{"line":507,"column":12},"end":{"line":507,"column":87}},"304":{"start":{"line":510,"column":12},"end":{"line":510,"column":24}},"305":{"start":{"line":511,"column":12},"end":{"line":511,"column":24}},"306":{"start":{"line":512,"column":12},"end":{"line":512,"column":101}},"307":{"start":{"line":516,"column":8},"end":{"line":531,"column":9}},"308":{"start":{"line":517,"column":12},"end":{"line":517,"column":33}},"309":{"start":{"line":519,"column":13},"end":{"line":531,"column":9}},"310":{"start":{"line":520,"column":12},"end":{"line":520,"column":24}},"311":{"start":{"line":521,"column":12},"end":{"line":521,"column":87}},"312":{"start":{"line":523,"column":13},"end":{"line":531,"column":9}},"313":{"start":{"line":524,"column":12},"end":{"line":524,"column":24}},"314":{"start":{"line":525,"column":12},"end":{"line":525,"column":87}},"315":{"start":{"line":528,"column":12},"end":{"line":528,"column":24}},"316":{"start":{"line":529,"column":12},"end":{"line":529,"column":24}},"317":{"start":{"line":530,"column":12},"end":{"line":530,"column":101}},"318":{"start":{"line":534,"column":8},"end":{"line":549,"column":9}},"319":{"start":{"line":535,"column":12},"end":{"line":535,"column":33}},"320":{"start":{"line":537,"column":13},"end":{"line":549,"column":9}},"321":{"start":{"line":538,"column":12},"end":{"line":538,"column":24}},"322":{"start":{"line":539,"column":12},"end":{"line":539,"column":87}},"323":{"start":{"line":541,"column":13},"end":{"line":549,"column":9}},"324":{"start":{"line":542,"column":12},"end":{"line":542,"column":24}},"325":{"start":{"line":543,"column":12},"end":{"line":543,"column":87}},"326":{"start":{"line":546,"column":12},"end":{"line":546,"column":24}},"327":{"start":{"line":547,"column":12},"end":{"line":547,"column":24}},"328":{"start":{"line":548,"column":12},"end":{"line":548,"column":101}},"329":{"start":{"line":552,"column":8},"end":{"line":553,"column":29}},"330":{"start":{"line":553,"column":12},"end":{"line":553,"column":29}},"331":{"start":{"line":554,"column":8},"end":{"line":554,"column":30}},"332":{"start":{"line":555,"column":18},"end":{"line":555,"column":86}},"333":{"start":{"line":556,"column":8},"end":{"line":559,"column":23}},"334":{"start":{"line":557,"column":12},"end":{"line":557,"column":31}},"335":{"start":{"line":559,"column":12},"end":{"line":559,"column":23}},"336":{"start":{"line":567,"column":8},"end":{"line":568,"column":29}},"337":{"start":{"line":568,"column":12},"end":{"line":568,"column":29}},"338":{"start":{"line":569,"column":8},"end":{"line":569,"column":57}},"339":{"start":{"line":577,"column":8},"end":{"line":578,"column":29}},"340":{"start":{"line":578,"column":12},"end":{"line":578,"column":29}},"341":{"start":{"line":579,"column":8},"end":{"line":579,"column":57}},"342":{"start":{"line":582,"column":8},"end":{"line":583,"column":29}},"343":{"start":{"line":583,"column":12},"end":{"line":583,"column":29}},"344":{"start":{"line":584,"column":18},"end":{"line":584,"column":86}},"345":{"start":{"line":585,"column":8},"end":{"line":588,"column":23}},"346":{"start":{"line":586,"column":12},"end":{"line":586,"column":31}},"347":{"start":{"line":588,"column":12},"end":{"line":588,"column":23}},"348":{"start":{"line":591,"column":8},"end":{"line":594,"column":94}},"349":{"start":{"line":592,"column":12},"end":{"line":592,"column":24}},"350":{"start":{"line":594,"column":12},"end":{"line":594,"column":94}},"351":{"start":{"line":597,"column":8},"end":{"line":600,"column":83}},"352":{"start":{"line":598,"column":12},"end":{"line":598,"column":36}},"353":{"start":{"line":600,"column":12},"end":{"line":600,"column":83}},"354":{"start":{"line":603,"column":8},"end":{"line":606,"column":82}},"355":{"start":{"line":604,"column":12},"end":{"line":604,"column":35}},"356":{"start":{"line":606,"column":12},"end":{"line":606,"column":82}},"357":{"start":{"line":609,"column":8},"end":{"line":610,"column":34}},"358":{"start":{"line":610,"column":12},"end":{"line":610,"column":34}},"359":{"start":{"line":611,"column":8},"end":{"line":616,"column":81}},"360":{"start":{"line":612,"column":12},"end":{"line":613,"column":75}},"361":{"start":{"line":616,"column":12},"end":{"line":616,"column":81}},"362":{"start":{"line":619,"column":8},"end":{"line":622,"column":81}},"363":{"start":{"line":620,"column":12},"end":{"line":620,"column":34}},"364":{"start":{"line":622,"column":12},"end":{"line":622,"column":81}},"365":{"start":{"line":625,"column":8},"end":{"line":628,"column":81}},"366":{"start":{"line":626,"column":12},"end":{"line":626,"column":34}},"367":{"start":{"line":628,"column":12},"end":{"line":628,"column":81}},"368":{"start":{"line":631,"column":8},"end":{"line":634,"column":82}},"369":{"start":{"line":632,"column":12},"end":{"line":632,"column":35}},"370":{"start":{"line":634,"column":12},"end":{"line":634,"column":82}},"371":{"start":{"line":637,"column":8},"end":{"line":640,"column":84}},"372":{"start":{"line":638,"column":12},"end":{"line":638,"column":25}},"373":{"start":{"line":640,"column":12},"end":{"line":640,"column":84}},"374":{"start":{"line":643,"column":8},"end":{"line":646,"column":83}},"375":{"start":{"line":644,"column":12},"end":{"line":644,"column":36}},"376":{"start":{"line":646,"column":12},"end":{"line":646,"column":83}},"377":{"start":{"line":649,"column":8},"end":{"line":652,"column":81}},"378":{"start":{"line":650,"column":12},"end":{"line":650,"column":34}},"379":{"start":{"line":652,"column":12},"end":{"line":652,"column":81}},"380":{"start":{"line":655,"column":8},"end":{"line":658,"column":81}},"381":{"start":{"line":656,"column":12},"end":{"line":656,"column":34}},"382":{"start":{"line":658,"column":12},"end":{"line":658,"column":81}},"383":{"start":{"line":661,"column":8},"end":{"line":664,"column":81}},"384":{"start":{"line":662,"column":12},"end":{"line":662,"column":34}},"385":{"start":{"line":664,"column":12},"end":{"line":664,"column":81}},"386":{"start":{"line":667,"column":8},"end":{"line":670,"column":81}},"387":{"start":{"line":668,"column":12},"end":{"line":668,"column":40}},"388":{"start":{"line":670,"column":12},"end":{"line":670,"column":81}},"389":{"start":{"line":673,"column":8},"end":{"line":676,"column":81}},"390":{"start":{"line":674,"column":12},"end":{"line":674,"column":40}},"391":{"start":{"line":676,"column":12},"end":{"line":676,"column":81}},"392":{"start":{"line":679,"column":8},"end":{"line":680,"column":24}},"393":{"start":{"line":680,"column":12},"end":{"line":680,"column":24}},"394":{"start":{"line":681,"column":8},"end":{"line":681,"column":89}},"395":{"start":{"line":684,"column":8},"end":{"line":685,"column":24}},"396":{"start":{"line":685,"column":12},"end":{"line":685,"column":24}},"397":{"start":{"line":686,"column":8},"end":{"line":686,"column":90}},"398":{"start":{"line":689,"column":8},"end":{"line":690,"column":24}},"399":{"start":{"line":690,"column":12},"end":{"line":690,"column":24}},"400":{"start":{"line":691,"column":8},"end":{"line":691,"column":83}},"401":{"start":{"line":694,"column":8},"end":{"line":697,"column":18}},"402":{"start":{"line":695,"column":12},"end":{"line":695,"column":20}},"403":{"start":{"line":696,"column":13},"end":{"line":697,"column":18}},"404":{"start":{"line":697,"column":12},"end":{"line":697,"column":18}},"405":{"start":{"line":698,"column":8},"end":{"line":709,"column":9}},"406":{"start":{"line":699,"column":26},"end":{"line":699,"column":95}},"407":{"start":{"line":700,"column":12},"end":{"line":702,"column":15}},"408":{"start":{"line":701,"column":16},"end":{"line":701,"column":53}},"409":{"start":{"line":703,"column":22},"end":{"line":703,"column":92}},"410":{"start":{"line":704,"column":12},"end":{"line":704,"column":27}},"411":{"start":{"line":705,"column":12},"end":{"line":705,"column":23}},"412":{"start":{"line":708,"column":12},"end":{"line":708,"column":67}},"413":{"start":{"line":712,"column":8},"end":{"line":723,"column":9}},"414":{"start":{"line":713,"column":26},"end":{"line":713,"column":95}},"415":{"start":{"line":714,"column":12},"end":{"line":716,"column":15}},"416":{"start":{"line":715,"column":16},"end":{"line":715,"column":53}},"417":{"start":{"line":717,"column":22},"end":{"line":717,"column":88}},"418":{"start":{"line":718,"column":12},"end":{"line":718,"column":27}},"419":{"start":{"line":719,"column":12},"end":{"line":719,"column":23}},"420":{"start":{"line":722,"column":12},"end":{"line":722,"column":65}},"421":{"start":{"line":726,"column":8},"end":{"line":737,"column":9}},"422":{"start":{"line":727,"column":26},"end":{"line":727,"column":95}},"423":{"start":{"line":728,"column":12},"end":{"line":730,"column":15}},"424":{"start":{"line":729,"column":16},"end":{"line":729,"column":53}},"425":{"start":{"line":731,"column":22},"end":{"line":731,"column":88}},"426":{"start":{"line":732,"column":12},"end":{"line":732,"column":27}},"427":{"start":{"line":733,"column":12},"end":{"line":733,"column":23}},"428":{"start":{"line":736,"column":12},"end":{"line":736,"column":65}},"429":{"start":{"line":740,"column":8},"end":{"line":753,"column":9}},"430":{"start":{"line":741,"column":37},"end":{"line":741,"column":64}},"431":{"start":{"line":742,"column":30},"end":{"line":742,"column":105}},"432":{"start":{"line":743,"column":12},"end":{"line":743,"column":31}},"433":{"start":{"line":744,"column":12},"end":{"line":744,"column":31}},"434":{"start":{"line":745,"column":12},"end":{"line":745,"column":38}},"435":{"start":{"line":747,"column":13},"end":{"line":753,"column":9}},"436":{"start":{"line":748,"column":37},"end":{"line":748,"column":64}},"437":{"start":{"line":749,"column":30},"end":{"line":749,"column":105}},"438":{"start":{"line":750,"column":12},"end":{"line":750,"column":37}},"439":{"start":{"line":751,"column":12},"end":{"line":751,"column":31}},"440":{"start":{"line":752,"column":12},"end":{"line":752,"column":38}},"441":{"start":{"line":754,"column":8},"end":{"line":754,"column":47}},"442":{"start":{"line":757,"column":33},"end":{"line":757,"column":71}},"443":{"start":{"line":758,"column":26},"end":{"line":758,"column":101}},"444":{"start":{"line":759,"column":8},"end":{"line":759,"column":52}},"445":{"start":{"line":759,"column":32},"end":{"line":759,"column":50}},"446":{"start":{"line":760,"column":8},"end":{"line":760,"column":34}},"447":{"start":{"line":763,"column":0},"end":{"line":763,"column":34}}},"fnMap":{"0":{"name":"(anonymous_0)","decl":{"start":{"line":2,"column":50},"end":{"line":2,"column":51}},"loc":{"start":{"line":2,"column":65},"end":{"line":8,"column":1}},"line":2},"1":{"name":"(anonymous_1)","decl":{"start":{"line":17,"column":4},"end":{"line":17,"column":5}},"loc":{"start":{"line":17,"column":20},"end":{"line":21,"column":5}},"line":17},"2":{"name":"(anonymous_2)","decl":{"start":{"line":26,"column":4},"end":{"line":26,"column":5}},"loc":{"start":{"line":26,"column":67},"end":{"line":29,"column":5}},"line":26},"3":{"name":"(anonymous_3)","decl":{"start":{"line":27,"column":103},"end":{"line":27,"column":104}},"loc":{"start":{"line":27,"column":109},"end":{"line":27,"column":143}},"line":27},"4":{"name":"(anonymous_4)","decl":{"start":{"line":30,"column":4},"end":{"line":30,"column":5}},"loc":{"start":{"line":30,"column":37},"end":{"line":32,"column":5}},"line":30},"5":{"name":"(anonymous_5)","decl":{"start":{"line":33,"column":4},"end":{"line":33,"column":5}},"loc":{"start":{"line":33,"column":28},"end":{"line":35,"column":5}},"line":33},"6":{"name":"(anonymous_6)","decl":{"start":{"line":36,"column":4},"end":{"line":36,"column":5}},"loc":{"start":{"line":36,"column":29},"end":{"line":38,"column":5}},"line":36},"7":{"name":"(anonymous_7)","decl":{"start":{"line":39,"column":4},"end":{"line":39,"column":5}},"loc":{"start":{"line":39,"column":23},"end":{"line":62,"column":5}},"line":39},"8":{"name":"(anonymous_8)","decl":{"start":{"line":53,"column":25},"end":{"line":53,"column":26}},"loc":{"start":{"line":53,"column":36},"end":{"line":55,"column":13}},"line":53},"9":{"name":"(anonymous_9)","decl":{"start":{"line":63,"column":4},"end":{"line":63,"column":5}},"loc":{"start":{"line":63,"column":58},"end":{"line":126,"column":5}},"line":63},"10":{"name":"(anonymous_10)","decl":{"start":{"line":127,"column":4},"end":{"line":127,"column":5}},"loc":{"start":{"line":127,"column":17},"end":{"line":129,"column":5}},"line":127},"11":{"name":"(anonymous_11)","decl":{"start":{"line":130,"column":4},"end":{"line":130,"column":5}},"loc":{"start":{"line":130,"column":18},"end":{"line":132,"column":5}},"line":130},"12":{"name":"(anonymous_12)","decl":{"start":{"line":133,"column":4},"end":{"line":133,"column":5}},"loc":{"start":{"line":133,"column":16},"end":{"line":135,"column":5}},"line":133},"13":{"name":"(anonymous_13)","decl":{"start":{"line":136,"column":4},"end":{"line":136,"column":5}},"loc":{"start":{"line":136,"column":15},"end":{"line":138,"column":5}},"line":136},"14":{"name":"(anonymous_14)","decl":{"start":{"line":139,"column":4},"end":{"line":139,"column":5}},"loc":{"start":{"line":139,"column":15},"end":{"line":141,"column":5}},"line":139},"15":{"name":"(anonymous_15)","decl":{"start":{"line":142,"column":4},"end":{"line":142,"column":5}},"loc":{"start":{"line":142,"column":18},"end":{"line":144,"column":5}},"line":142},"16":{"name":"(anonymous_16)","decl":{"start":{"line":145,"column":4},"end":{"line":145,"column":5}},"loc":{"start":{"line":145,"column":18},"end":{"line":147,"column":5}},"line":145},"17":{"name":"(anonymous_17)","decl":{"start":{"line":148,"column":4},"end":{"line":148,"column":5}},"loc":{"start":{"line":148,"column":15},"end":{"line":150,"column":5}},"line":148},"18":{"name":"(anonymous_18)","decl":{"start":{"line":156,"column":4},"end":{"line":156,"column":5}},"loc":{"start":{"line":156,"column":18},"end":{"line":158,"column":5}},"line":156},"19":{"name":"(anonymous_19)","decl":{"start":{"line":159,"column":4},"end":{"line":159,"column":5}},"loc":{"start":{"line":159,"column":49},"end":{"line":166,"column":5}},"line":159},"20":{"name":"(anonymous_20)","decl":{"start":{"line":167,"column":4},"end":{"line":167,"column":5}},"loc":{"start":{"line":167,"column":48},"end":{"line":174,"column":5}},"line":167},"21":{"name":"(anonymous_21)","decl":{"start":{"line":175,"column":4},"end":{"line":175,"column":5}},"loc":{"start":{"line":175,"column":53},"end":{"line":185,"column":5}},"line":175},"22":{"name":"(anonymous_22)","decl":{"start":{"line":186,"column":4},"end":{"line":186,"column":5}},"loc":{"start":{"line":186,"column":49},"end":{"line":193,"column":5}},"line":186},"23":{"name":"(anonymous_23)","decl":{"start":{"line":199,"column":4},"end":{"line":199,"column":5}},"loc":{"start":{"line":199,"column":21},"end":{"line":201,"column":5}},"line":199},"24":{"name":"(anonymous_24)","decl":{"start":{"line":202,"column":4},"end":{"line":202,"column":5}},"loc":{"start":{"line":202,"column":59},"end":{"line":209,"column":5}},"line":202},"25":{"name":"(anonymous_25)","decl":{"start":{"line":210,"column":4},"end":{"line":210,"column":5}},"loc":{"start":{"line":210,"column":48},"end":{"line":217,"column":5}},"line":210},"26":{"name":"(anonymous_26)","decl":{"start":{"line":218,"column":4},"end":{"line":218,"column":5}},"loc":{"start":{"line":218,"column":49},"end":{"line":225,"column":5}},"line":218},"27":{"name":"(anonymous_27)","decl":{"start":{"line":226,"column":4},"end":{"line":226,"column":5}},"loc":{"start":{"line":226,"column":47},"end":{"line":233,"column":5}},"line":226},"28":{"name":"(anonymous_28)","decl":{"start":{"line":234,"column":4},"end":{"line":234,"column":5}},"loc":{"start":{"line":234,"column":19},"end":{"line":239,"column":5}},"line":234},"29":{"name":"(anonymous_29)","decl":{"start":{"line":240,"column":4},"end":{"line":240,"column":5}},"loc":{"start":{"line":240,"column":15},"end":{"line":242,"column":5}},"line":240},"30":{"name":"(anonymous_30)","decl":{"start":{"line":248,"column":4},"end":{"line":248,"column":5}},"loc":{"start":{"line":248,"column":21},"end":{"line":261,"column":5}},"line":248},"31":{"name":"(anonymous_31)","decl":{"start":{"line":254,"column":25},"end":{"line":254,"column":26}},"loc":{"start":{"line":254,"column":37},"end":{"line":256,"column":13}},"line":254},"32":{"name":"(anonymous_32)","decl":{"start":{"line":267,"column":4},"end":{"line":267,"column":5}},"loc":{"start":{"line":267,"column":22},"end":{"line":280,"column":5}},"line":267},"33":{"name":"(anonymous_33)","decl":{"start":{"line":273,"column":25},"end":{"line":273,"column":26}},"loc":{"start":{"line":273,"column":37},"end":{"line":275,"column":13}},"line":273},"34":{"name":"(anonymous_34)","decl":{"start":{"line":282,"column":4},"end":{"line":282,"column":5}},"loc":{"start":{"line":282,"column":25},"end":{"line":298,"column":5}},"line":282},"35":{"name":"(anonymous_35)","decl":{"start":{"line":299,"column":4},"end":{"line":299,"column":5}},"loc":{"start":{"line":299,"column":20},"end":{"line":316,"column":5}},"line":299},"36":{"name":"(anonymous_36)","decl":{"start":{"line":317,"column":4},"end":{"line":317,"column":5}},"loc":{"start":{"line":317,"column":21},"end":{"line":334,"column":5}},"line":317},"37":{"name":"(anonymous_37)","decl":{"start":{"line":335,"column":4},"end":{"line":335,"column":5}},"loc":{"start":{"line":335,"column":22},"end":{"line":352,"column":5}},"line":335},"38":{"name":"(anonymous_38)","decl":{"start":{"line":353,"column":4},"end":{"line":353,"column":5}},"loc":{"start":{"line":353,"column":24},"end":{"line":370,"column":5}},"line":353},"39":{"name":"(anonymous_39)","decl":{"start":{"line":371,"column":4},"end":{"line":371,"column":5}},"loc":{"start":{"line":371,"column":24},"end":{"line":388,"column":5}},"line":371},"40":{"name":"(anonymous_40)","decl":{"start":{"line":389,"column":4},"end":{"line":389,"column":5}},"loc":{"start":{"line":389,"column":20},"end":{"line":406,"column":5}},"line":389},"41":{"name":"(anonymous_41)","decl":{"start":{"line":407,"column":4},"end":{"line":407,"column":5}},"loc":{"start":{"line":407,"column":20},"end":{"line":424,"column":5}},"line":407},"42":{"name":"(anonymous_42)","decl":{"start":{"line":425,"column":4},"end":{"line":425,"column":5}},"loc":{"start":{"line":425,"column":22},"end":{"line":442,"column":5}},"line":425},"43":{"name":"(anonymous_43)","decl":{"start":{"line":443,"column":4},"end":{"line":443,"column":5}},"loc":{"start":{"line":443,"column":19},"end":{"line":460,"column":5}},"line":443},"44":{"name":"(anonymous_44)","decl":{"start":{"line":461,"column":4},"end":{"line":461,"column":5}},"loc":{"start":{"line":461,"column":19},"end":{"line":478,"column":5}},"line":461},"45":{"name":"(anonymous_45)","decl":{"start":{"line":479,"column":4},"end":{"line":479,"column":5}},"loc":{"start":{"line":479,"column":19},"end":{"line":496,"column":5}},"line":479},"46":{"name":"(anonymous_46)","decl":{"start":{"line":497,"column":4},"end":{"line":497,"column":5}},"loc":{"start":{"line":497,"column":19},"end":{"line":514,"column":5}},"line":497},"47":{"name":"(anonymous_47)","decl":{"start":{"line":515,"column":4},"end":{"line":515,"column":5}},"loc":{"start":{"line":515,"column":19},"end":{"line":532,"column":5}},"line":515},"48":{"name":"(anonymous_48)","decl":{"start":{"line":533,"column":4},"end":{"line":533,"column":5}},"loc":{"start":{"line":533,"column":19},"end":{"line":550,"column":5}},"line":533},"49":{"name":"(anonymous_49)","decl":{"start":{"line":551,"column":4},"end":{"line":551,"column":5}},"loc":{"start":{"line":551,"column":19},"end":{"line":560,"column":5}},"line":551},"50":{"name":"(anonymous_50)","decl":{"start":{"line":566,"column":4},"end":{"line":566,"column":5}},"loc":{"start":{"line":566,"column":23},"end":{"line":570,"column":5}},"line":566},"51":{"name":"(anonymous_51)","decl":{"start":{"line":576,"column":4},"end":{"line":576,"column":5}},"loc":{"start":{"line":576,"column":23},"end":{"line":580,"column":5}},"line":576},"52":{"name":"(anonymous_52)","decl":{"start":{"line":581,"column":4},"end":{"line":581,"column":5}},"loc":{"start":{"line":581,"column":19},"end":{"line":589,"column":5}},"line":581},"53":{"name":"(anonymous_53)","decl":{"start":{"line":590,"column":4},"end":{"line":590,"column":5}},"loc":{"start":{"line":590,"column":37},"end":{"line":595,"column":5}},"line":590},"54":{"name":"(anonymous_54)","decl":{"start":{"line":596,"column":4},"end":{"line":596,"column":5}},"loc":{"start":{"line":596,"column":16},"end":{"line":601,"column":5}},"line":596},"55":{"name":"(anonymous_55)","decl":{"start":{"line":602,"column":4},"end":{"line":602,"column":5}},"loc":{"start":{"line":602,"column":15},"end":{"line":607,"column":5}},"line":602},"56":{"name":"(anonymous_56)","decl":{"start":{"line":608,"column":4},"end":{"line":608,"column":5}},"loc":{"start":{"line":608,"column":19},"end":{"line":617,"column":5}},"line":608},"57":{"name":"(anonymous_57)","decl":{"start":{"line":618,"column":4},"end":{"line":618,"column":5}},"loc":{"start":{"line":618,"column":14},"end":{"line":623,"column":5}},"line":618},"58":{"name":"(anonymous_58)","decl":{"start":{"line":624,"column":4},"end":{"line":624,"column":5}},"loc":{"start":{"line":624,"column":14},"end":{"line":629,"column":5}},"line":624},"59":{"name":"(anonymous_59)","decl":{"start":{"line":630,"column":4},"end":{"line":630,"column":5}},"loc":{"start":{"line":630,"column":15},"end":{"line":635,"column":5}},"line":630},"60":{"name":"(anonymous_60)","decl":{"start":{"line":636,"column":4},"end":{"line":636,"column":5}},"loc":{"start":{"line":636,"column":17},"end":{"line":641,"column":5}},"line":636},"61":{"name":"(anonymous_61)","decl":{"start":{"line":642,"column":4},"end":{"line":642,"column":5}},"loc":{"start":{"line":642,"column":16},"end":{"line":647,"column":5}},"line":642},"62":{"name":"(anonymous_62)","decl":{"start":{"line":648,"column":4},"end":{"line":648,"column":5}},"loc":{"start":{"line":648,"column":14},"end":{"line":653,"column":5}},"line":648},"63":{"name":"(anonymous_63)","decl":{"start":{"line":654,"column":4},"end":{"line":654,"column":5}},"loc":{"start":{"line":654,"column":14},"end":{"line":659,"column":5}},"line":654},"64":{"name":"(anonymous_64)","decl":{"start":{"line":660,"column":4},"end":{"line":660,"column":5}},"loc":{"start":{"line":660,"column":14},"end":{"line":665,"column":5}},"line":660},"65":{"name":"(anonymous_65)","decl":{"start":{"line":666,"column":4},"end":{"line":666,"column":5}},"loc":{"start":{"line":666,"column":14},"end":{"line":671,"column":5}},"line":666},"66":{"name":"(anonymous_66)","decl":{"start":{"line":672,"column":4},"end":{"line":672,"column":5}},"loc":{"start":{"line":672,"column":14},"end":{"line":677,"column":5}},"line":672},"67":{"name":"(anonymous_67)","decl":{"start":{"line":678,"column":4},"end":{"line":678,"column":5}},"loc":{"start":{"line":678,"column":40},"end":{"line":682,"column":5}},"line":678},"68":{"name":"(anonymous_68)","decl":{"start":{"line":683,"column":4},"end":{"line":683,"column":5}},"loc":{"start":{"line":683,"column":41},"end":{"line":687,"column":5}},"line":683},"69":{"name":"(anonymous_69)","decl":{"start":{"line":688,"column":4},"end":{"line":688,"column":5}},"loc":{"start":{"line":688,"column":20},"end":{"line":692,"column":5}},"line":688},"70":{"name":"(anonymous_70)","decl":{"start":{"line":693,"column":4},"end":{"line":693,"column":5}},"loc":{"start":{"line":693,"column":24},"end":{"line":710,"column":5}},"line":693},"71":{"name":"(anonymous_71)","decl":{"start":{"line":700,"column":27},"end":{"line":700,"column":28}},"loc":{"start":{"line":700,"column":39},"end":{"line":702,"column":13}},"line":700},"72":{"name":"(anonymous_72)","decl":{"start":{"line":711,"column":4},"end":{"line":711,"column":5}},"loc":{"start":{"line":711,"column":23},"end":{"line":724,"column":5}},"line":711},"73":{"name":"(anonymous_73)","decl":{"start":{"line":714,"column":27},"end":{"line":714,"column":28}},"loc":{"start":{"line":714,"column":39},"end":{"line":716,"column":13}},"line":714},"74":{"name":"(anonymous_74)","decl":{"start":{"line":725,"column":4},"end":{"line":725,"column":5}},"loc":{"start":{"line":725,"column":20},"end":{"line":738,"column":5}},"line":725},"75":{"name":"(anonymous_75)","decl":{"start":{"line":728,"column":27},"end":{"line":728,"column":28}},"loc":{"start":{"line":728,"column":39},"end":{"line":730,"column":13}},"line":728},"76":{"name":"(anonymous_76)","decl":{"start":{"line":739,"column":4},"end":{"line":739,"column":5}},"loc":{"start":{"line":739,"column":34},"end":{"line":755,"column":5}},"line":739},"77":{"name":"(anonymous_77)","decl":{"start":{"line":756,"column":4},"end":{"line":756,"column":5}},"loc":{"start":{"line":756,"column":32},"end":{"line":761,"column":5}},"line":756},"78":{"name":"(anonymous_78)","decl":{"start":{"line":759,"column":22},"end":{"line":759,"column":23}},"loc":{"start":{"line":759,"column":32},"end":{"line":759,"column":50}},"line":759}},"branchMap":{"0":{"loc":{"start":{"line":2,"column":19},"end":{"line":8,"column":1}},"type":"binary-expr","locations":[{"start":{"line":2,"column":20},"end":{"line":2,"column":24}},{"start":{"line":2,"column":28},"end":{"line":2,"column":45}},{"start":{"line":2,"column":50},"end":{"line":8,"column":1}}],"line":2},"1":{"loc":{"start":{"line":3,"column":4},"end":{"line":3,"column":42}},"type":"if","locations":[{"start":{"line":3,"column":4},"end":{"line":3,"column":42}},{"start":{"line":3,"column":4},"end":{"line":3,"column":42}}],"line":3},"2":{"loc":{"start":{"line":3,"column":8},"end":{"line":3,"column":29}},"type":"binary-expr","locations":[{"start":{"line":3,"column":8},"end":{"line":3,"column":11}},{"start":{"line":3,"column":15},"end":{"line":3,"column":29}}],"line":3},"3":{"loc":{"start":{"line":5,"column":4},"end":{"line":5,"column":99}},"type":"if","locations":[{"start":{"line":5,"column":4},"end":{"line":5,"column":99}},{"start":{"line":5,"column":4},"end":{"line":5,"column":99}}],"line":5},"4":{"loc":{"start":{"line":5,"column":40},"end":{"line":5,"column":99}},"type":"if","locations":[{"start":{"line":5,"column":40},"end":{"line":5,"column":99}},{"start":{"line":5,"column":40},"end":{"line":5,"column":99}}],"line":5},"5":{"loc":{"start":{"line":40,"column":8},"end":{"line":61,"column":9}},"type":"if","locations":[{"start":{"line":40,"column":8},"end":{"line":61,"column":9}},{"start":{"line":40,"column":8},"end":{"line":61,"column":9}}],"line":40},"6":{"loc":{"start":{"line":43,"column":13},"end":{"line":61,"column":9}},"type":"if","locations":[{"start":{"line":43,"column":13},"end":{"line":61,"column":9}},{"start":{"line":43,"column":13},"end":{"line":61,"column":9}}],"line":43},"7":{"loc":{"start":{"line":47,"column":13},"end":{"line":61,"column":9}},"type":"if","locations":[{"start":{"line":47,"column":13},"end":{"line":61,"column":9}},{"start":{"line":47,"column":13},"end":{"line":61,"column":9}}],"line":47},"8":{"loc":{"start":{"line":63,"column":25},"end":{"line":63,"column":35}},"type":"default-arg","locations":[{"start":{"line":63,"column":34},"end":{"line":63,"column":35}}],"line":63},"9":{"loc":{"start":{"line":63,"column":37},"end":{"line":63,"column":48}},"type":"default-arg","locations":[{"start":{"line":63,"column":45},"end":{"line":63,"column":48}}],"line":63},"10":{"loc":{"start":{"line":64,"column":8},"end":{"line":65,"column":56}},"type":"if","locations":[{"start":{"line":64,"column":8},"end":{"line":65,"column":56}},{"start":{"line":64,"column":8},"end":{"line":65,"column":56}}],"line":64},"11":{"loc":{"start":{"line":64,"column":12},"end":{"line":64,"column":42}},"type":"binary-expr","locations":[{"start":{"line":64,"column":12},"end":{"line":64,"column":25}},{"start":{"line":64,"column":29},"end":{"line":64,"column":42}}],"line":64},"12":{"loc":{"start":{"line":66,"column":8},"end":{"line":73,"column":9}},"type":"if","locations":[{"start":{"line":66,"column":8},"end":{"line":73,"column":9}},{"start":{"line":66,"column":8},"end":{"line":73,"column":9}}],"line":66},"13":{"loc":{"start":{"line":67,"column":12},"end":{"line":72,"column":13}},"type":"if","locations":[{"start":{"line":67,"column":12},"end":{"line":72,"column":13}},{"start":{"line":67,"column":12},"end":{"line":72,"column":13}}],"line":67},"14":{"loc":{"start":{"line":81,"column":25},"end":{"line":81,"column":92}},"type":"cond-expr","locations":[{"start":{"line":81,"column":67},"end":{"line":81,"column":78}},{"start":{"line":81,"column":81},"end":{"line":81,"column":92}}],"line":81},"15":{"loc":{"start":{"line":83,"column":8},"end":{"line":84,"column":86}},"type":"if","locations":[{"start":{"line":83,"column":8},"end":{"line":84,"column":86}},{"start":{"line":83,"column":8},"end":{"line":84,"column":86}}],"line":83},"16":{"loc":{"start":{"line":85,"column":17},"end":{"line":85,"column":56}},"type":"cond-expr","locations":[{"start":{"line":85,"column":28},"end":{"line":85,"column":34}},{"start":{"line":85,"column":37},"end":{"line":85,"column":56}}],"line":85},"17":{"loc":{"start":{"line":86,"column":8},"end":{"line":94,"column":9}},"type":"if","locations":[{"start":{"line":86,"column":8},"end":{"line":94,"column":9}},{"start":{"line":86,"column":8},"end":{"line":94,"column":9}}],"line":86},"18":{"loc":{"start":{"line":87,"column":12},"end":{"line":88,"column":103}},"type":"if","locations":[{"start":{"line":87,"column":12},"end":{"line":88,"column":103}},{"start":{"line":87,"column":12},"end":{"line":88,"column":103}}],"line":87},"19":{"loc":{"start":{"line":89,"column":12},"end":{"line":90,"column":102}},"type":"if","locations":[{"start":{"line":89,"column":12},"end":{"line":90,"column":102}},{"start":{"line":89,"column":12},"end":{"line":90,"column":102}}],"line":89},"20":{"loc":{"start":{"line":95,"column":8},"end":{"line":98,"column":9}},"type":"if","locations":[{"start":{"line":95,"column":8},"end":{"line":98,"column":9}},{"start":{"line":95,"column":8},"end":{"line":98,"column":9}}],"line":95},"21":{"loc":{"start":{"line":96,"column":12},"end":{"line":97,"column":115}},"type":"if","locations":[{"start":{"line":96,"column":12},"end":{"line":97,"column":115}},{"start":{"line":96,"column":12},"end":{"line":97,"column":115}}],"line":96},"22":{"loc":{"start":{"line":96,"column":16},"end":{"line":96,"column":77}},"type":"binary-expr","locations":[{"start":{"line":96,"column":16},"end":{"line":96,"column":45}},{"start":{"line":96,"column":49},"end":{"line":96,"column":77}}],"line":96},"23":{"loc":{"start":{"line":99,"column":8},"end":{"line":104,"column":9}},"type":"if","locations":[{"start":{"line":99,"column":8},"end":{"line":104,"column":9}},{"start":{"line":99,"column":8},"end":{"line":104,"column":9}}],"line":99},"24":{"loc":{"start":{"line":106,"column":8},"end":{"line":115,"column":9}},"type":"if","locations":[{"start":{"line":106,"column":8},"end":{"line":115,"column":9}},{"start":{"line":106,"column":8},"end":{"line":115,"column":9}}],"line":106},"25":{"loc":{"start":{"line":116,"column":8},"end":{"line":122,"column":9}},"type":"if","locations":[{"start":{"line":116,"column":8},"end":{"line":122,"column":9}},{"start":{"line":116,"column":8},"end":{"line":122,"column":9}}],"line":116},"26":{"loc":{"start":{"line":159,"column":16},"end":{"line":159,"column":47}},"type":"default-arg","locations":[{"start":{"line":159,"column":25},"end":{"line":159,"column":47}}],"line":159},"27":{"loc":{"start":{"line":160,"column":8},"end":{"line":161,"column":77}},"type":"if","locations":[{"start":{"line":160,"column":8},"end":{"line":161,"column":77}},{"start":{"line":160,"column":8},"end":{"line":161,"column":77}}],"line":160},"28":{"loc":{"start":{"line":167,"column":15},"end":{"line":167,"column":46}},"type":"default-arg","locations":[{"start":{"line":167,"column":24},"end":{"line":167,"column":46}}],"line":167},"29":{"loc":{"start":{"line":168,"column":8},"end":{"line":169,"column":77}},"type":"if","locations":[{"start":{"line":168,"column":8},"end":{"line":169,"column":77}},{"start":{"line":168,"column":8},"end":{"line":169,"column":77}}],"line":168},"30":{"loc":{"start":{"line":175,"column":20},"end":{"line":175,"column":51}},"type":"default-arg","locations":[{"start":{"line":175,"column":29},"end":{"line":175,"column":51}}],"line":175},"31":{"loc":{"start":{"line":176,"column":8},"end":{"line":177,"column":77}},"type":"if","locations":[{"start":{"line":176,"column":8},"end":{"line":177,"column":77}},{"start":{"line":176,"column":8},"end":{"line":177,"column":77}}],"line":176},"32":{"loc":{"start":{"line":178,"column":8},"end":{"line":180,"column":9}},"type":"if","locations":[{"start":{"line":178,"column":8},"end":{"line":180,"column":9}},{"start":{"line":178,"column":8},"end":{"line":180,"column":9}}],"line":178},"33":{"loc":{"start":{"line":178,"column":12},"end":{"line":178,"column":36}},"type":"binary-expr","locations":[{"start":{"line":178,"column":12},"end":{"line":178,"column":16}},{"start":{"line":178,"column":20},"end":{"line":178,"column":36}}],"line":178},"34":{"loc":{"start":{"line":186,"column":16},"end":{"line":186,"column":47}},"type":"default-arg","locations":[{"start":{"line":186,"column":25},"end":{"line":186,"column":47}}],"line":186},"35":{"loc":{"start":{"line":187,"column":8},"end":{"line":188,"column":77}},"type":"if","locations":[{"start":{"line":187,"column":8},"end":{"line":188,"column":77}},{"start":{"line":187,"column":8},"end":{"line":188,"column":77}}],"line":187},"36":{"loc":{"start":{"line":202,"column":26},"end":{"line":202,"column":57}},"type":"default-arg","locations":[{"start":{"line":202,"column":35},"end":{"line":202,"column":57}}],"line":202},"37":{"loc":{"start":{"line":203,"column":8},"end":{"line":204,"column":77}},"type":"if","locations":[{"start":{"line":203,"column":8},"end":{"line":204,"column":77}},{"start":{"line":203,"column":8},"end":{"line":204,"column":77}}],"line":203},"38":{"loc":{"start":{"line":210,"column":15},"end":{"line":210,"column":46}},"type":"default-arg","locations":[{"start":{"line":210,"column":24},"end":{"line":210,"column":46}}],"line":210},"39":{"loc":{"start":{"line":211,"column":8},"end":{"line":212,"column":77}},"type":"if","locations":[{"start":{"line":211,"column":8},"end":{"line":212,"column":77}},{"start":{"line":211,"column":8},"end":{"line":212,"column":77}}],"line":211},"40":{"loc":{"start":{"line":218,"column":16},"end":{"line":218,"column":47}},"type":"default-arg","locations":[{"start":{"line":218,"column":25},"end":{"line":218,"column":47}}],"line":218},"41":{"loc":{"start":{"line":219,"column":8},"end":{"line":220,"column":77}},"type":"if","locations":[{"start":{"line":219,"column":8},"end":{"line":220,"column":77}},{"start":{"line":219,"column":8},"end":{"line":220,"column":77}}],"line":219},"42":{"loc":{"start":{"line":226,"column":14},"end":{"line":226,"column":45}},"type":"default-arg","locations":[{"start":{"line":226,"column":23},"end":{"line":226,"column":45}}],"line":226},"43":{"loc":{"start":{"line":227,"column":8},"end":{"line":228,"column":77}},"type":"if","locations":[{"start":{"line":227,"column":8},"end":{"line":228,"column":77}},{"start":{"line":227,"column":8},"end":{"line":228,"column":77}}],"line":227},"44":{"loc":{"start":{"line":235,"column":8},"end":{"line":238,"column":76}},"type":"if","locations":[{"start":{"line":235,"column":8},"end":{"line":238,"column":76}},{"start":{"line":235,"column":8},"end":{"line":238,"column":76}}],"line":235},"45":{"loc":{"start":{"line":249,"column":8},"end":{"line":260,"column":9}},"type":"if","locations":[{"start":{"line":249,"column":8},"end":{"line":260,"column":9}},{"start":{"line":249,"column":8},"end":{"line":260,"column":9}}],"line":249},"46":{"loc":{"start":{"line":268,"column":8},"end":{"line":279,"column":9}},"type":"if","locations":[{"start":{"line":268,"column":8},"end":{"line":279,"column":9}},{"start":{"line":268,"column":8},"end":{"line":279,"column":9}}],"line":268},"47":{"loc":{"start":{"line":283,"column":22},"end":{"line":283,"column":87}},"type":"cond-expr","locations":[{"start":{"line":283,"column":63},"end":{"line":283,"column":80}},{"start":{"line":283,"column":83},"end":{"line":283,"column":87}}],"line":283},"48":{"loc":{"start":{"line":284,"column":8},"end":{"line":297,"column":9}},"type":"if","locations":[{"start":{"line":284,"column":8},"end":{"line":297,"column":9}},{"start":{"line":284,"column":8},"end":{"line":297,"column":9}}],"line":284},"49":{"loc":{"start":{"line":284,"column":12},"end":{"line":284,"column":62}},"type":"binary-expr","locations":[{"start":{"line":284,"column":12},"end":{"line":284,"column":35}},{"start":{"line":284,"column":39},"end":{"line":284,"column":62}}],"line":284},"50":{"loc":{"start":{"line":287,"column":13},"end":{"line":297,"column":9}},"type":"if","locations":[{"start":{"line":287,"column":13},"end":{"line":297,"column":9}},{"start":{"line":287,"column":13},"end":{"line":297,"column":9}}],"line":287},"51":{"loc":{"start":{"line":287,"column":17},"end":{"line":287,"column":81}},"type":"binary-expr","locations":[{"start":{"line":287,"column":17},"end":{"line":287,"column":40}},{"start":{"line":287,"column":44},"end":{"line":287,"column":81}}],"line":287},"52":{"loc":{"start":{"line":290,"column":13},"end":{"line":297,"column":9}},"type":"if","locations":[{"start":{"line":290,"column":13},"end":{"line":297,"column":9}},{"start":{"line":290,"column":13},"end":{"line":297,"column":9}}],"line":290},"53":{"loc":{"start":{"line":290,"column":17},"end":{"line":290,"column":81}},"type":"binary-expr","locations":[{"start":{"line":290,"column":17},"end":{"line":290,"column":54}},{"start":{"line":290,"column":58},"end":{"line":290,"column":81}}],"line":290},"54":{"loc":{"start":{"line":300,"column":8},"end":{"line":315,"column":9}},"type":"if","locations":[{"start":{"line":300,"column":8},"end":{"line":315,"column":9}},{"start":{"line":300,"column":8},"end":{"line":315,"column":9}}],"line":300},"55":{"loc":{"start":{"line":300,"column":12},"end":{"line":300,"column":62}},"type":"binary-expr","locations":[{"start":{"line":300,"column":12},"end":{"line":300,"column":35}},{"start":{"line":300,"column":39},"end":{"line":300,"column":62}}],"line":300},"56":{"loc":{"start":{"line":303,"column":13},"end":{"line":315,"column":9}},"type":"if","locations":[{"start":{"line":303,"column":13},"end":{"line":315,"column":9}},{"start":{"line":303,"column":13},"end":{"line":315,"column":9}}],"line":303},"57":{"loc":{"start":{"line":303,"column":17},"end":{"line":303,"column":81}},"type":"binary-expr","locations":[{"start":{"line":303,"column":17},"end":{"line":303,"column":40}},{"start":{"line":303,"column":44},"end":{"line":303,"column":81}}],"line":303},"58":{"loc":{"start":{"line":307,"column":13},"end":{"line":315,"column":9}},"type":"if","locations":[{"start":{"line":307,"column":13},"end":{"line":315,"column":9}},{"start":{"line":307,"column":13},"end":{"line":315,"column":9}}],"line":307},"59":{"loc":{"start":{"line":307,"column":17},"end":{"line":307,"column":81}},"type":"binary-expr","locations":[{"start":{"line":307,"column":17},"end":{"line":307,"column":40}},{"start":{"line":307,"column":44},"end":{"line":307,"column":81}}],"line":307},"60":{"loc":{"start":{"line":318,"column":8},"end":{"line":333,"column":9}},"type":"if","locations":[{"start":{"line":318,"column":8},"end":{"line":333,"column":9}},{"start":{"line":318,"column":8},"end":{"line":333,"column":9}}],"line":318},"61":{"loc":{"start":{"line":318,"column":12},"end":{"line":318,"column":62}},"type":"binary-expr","locations":[{"start":{"line":318,"column":12},"end":{"line":318,"column":35}},{"start":{"line":318,"column":39},"end":{"line":318,"column":62}}],"line":318},"62":{"loc":{"start":{"line":321,"column":13},"end":{"line":333,"column":9}},"type":"if","locations":[{"start":{"line":321,"column":13},"end":{"line":333,"column":9}},{"start":{"line":321,"column":13},"end":{"line":333,"column":9}}],"line":321},"63":{"loc":{"start":{"line":321,"column":17},"end":{"line":321,"column":81}},"type":"binary-expr","locations":[{"start":{"line":321,"column":17},"end":{"line":321,"column":40}},{"start":{"line":321,"column":44},"end":{"line":321,"column":81}}],"line":321},"64":{"loc":{"start":{"line":325,"column":13},"end":{"line":333,"column":9}},"type":"if","locations":[{"start":{"line":325,"column":13},"end":{"line":333,"column":9}},{"start":{"line":325,"column":13},"end":{"line":333,"column":9}}],"line":325},"65":{"loc":{"start":{"line":325,"column":17},"end":{"line":325,"column":81}},"type":"binary-expr","locations":[{"start":{"line":325,"column":17},"end":{"line":325,"column":40}},{"start":{"line":325,"column":44},"end":{"line":325,"column":81}}],"line":325},"66":{"loc":{"start":{"line":336,"column":8},"end":{"line":351,"column":9}},"type":"if","locations":[{"start":{"line":336,"column":8},"end":{"line":351,"column":9}},{"start":{"line":336,"column":8},"end":{"line":351,"column":9}}],"line":336},"67":{"loc":{"start":{"line":336,"column":12},"end":{"line":336,"column":62}},"type":"binary-expr","locations":[{"start":{"line":336,"column":12},"end":{"line":336,"column":35}},{"start":{"line":336,"column":39},"end":{"line":336,"column":62}}],"line":336},"68":{"loc":{"start":{"line":339,"column":13},"end":{"line":351,"column":9}},"type":"if","locations":[{"start":{"line":339,"column":13},"end":{"line":351,"column":9}},{"start":{"line":339,"column":13},"end":{"line":351,"column":9}}],"line":339},"69":{"loc":{"start":{"line":339,"column":17},"end":{"line":339,"column":81}},"type":"binary-expr","locations":[{"start":{"line":339,"column":17},"end":{"line":339,"column":40}},{"start":{"line":339,"column":44},"end":{"line":339,"column":81}}],"line":339},"70":{"loc":{"start":{"line":343,"column":13},"end":{"line":351,"column":9}},"type":"if","locations":[{"start":{"line":343,"column":13},"end":{"line":351,"column":9}},{"start":{"line":343,"column":13},"end":{"line":351,"column":9}}],"line":343},"71":{"loc":{"start":{"line":343,"column":17},"end":{"line":343,"column":81}},"type":"binary-expr","locations":[{"start":{"line":343,"column":17},"end":{"line":343,"column":40}},{"start":{"line":343,"column":44},"end":{"line":343,"column":81}}],"line":343},"72":{"loc":{"start":{"line":354,"column":8},"end":{"line":369,"column":9}},"type":"if","locations":[{"start":{"line":354,"column":8},"end":{"line":369,"column":9}},{"start":{"line":354,"column":8},"end":{"line":369,"column":9}}],"line":354},"73":{"loc":{"start":{"line":354,"column":12},"end":{"line":354,"column":62}},"type":"binary-expr","locations":[{"start":{"line":354,"column":12},"end":{"line":354,"column":35}},{"start":{"line":354,"column":39},"end":{"line":354,"column":62}}],"line":354},"74":{"loc":{"start":{"line":357,"column":13},"end":{"line":369,"column":9}},"type":"if","locations":[{"start":{"line":357,"column":13},"end":{"line":369,"column":9}},{"start":{"line":357,"column":13},"end":{"line":369,"column":9}}],"line":357},"75":{"loc":{"start":{"line":357,"column":17},"end":{"line":357,"column":81}},"type":"binary-expr","locations":[{"start":{"line":357,"column":17},"end":{"line":357,"column":40}},{"start":{"line":357,"column":44},"end":{"line":357,"column":81}}],"line":357},"76":{"loc":{"start":{"line":361,"column":13},"end":{"line":369,"column":9}},"type":"if","locations":[{"start":{"line":361,"column":13},"end":{"line":369,"column":9}},{"start":{"line":361,"column":13},"end":{"line":369,"column":9}}],"line":361},"77":{"loc":{"start":{"line":361,"column":17},"end":{"line":361,"column":81}},"type":"binary-expr","locations":[{"start":{"line":361,"column":17},"end":{"line":361,"column":40}},{"start":{"line":361,"column":44},"end":{"line":361,"column":81}}],"line":361},"78":{"loc":{"start":{"line":372,"column":8},"end":{"line":387,"column":9}},"type":"if","locations":[{"start":{"line":372,"column":8},"end":{"line":387,"column":9}},{"start":{"line":372,"column":8},"end":{"line":387,"column":9}}],"line":372},"79":{"loc":{"start":{"line":372,"column":12},"end":{"line":372,"column":62}},"type":"binary-expr","locations":[{"start":{"line":372,"column":12},"end":{"line":372,"column":35}},{"start":{"line":372,"column":39},"end":{"line":372,"column":62}}],"line":372},"80":{"loc":{"start":{"line":375,"column":13},"end":{"line":387,"column":9}},"type":"if","locations":[{"start":{"line":375,"column":13},"end":{"line":387,"column":9}},{"start":{"line":375,"column":13},"end":{"line":387,"column":9}}],"line":375},"81":{"loc":{"start":{"line":375,"column":17},"end":{"line":375,"column":81}},"type":"binary-expr","locations":[{"start":{"line":375,"column":17},"end":{"line":375,"column":40}},{"start":{"line":375,"column":44},"end":{"line":375,"column":81}}],"line":375},"82":{"loc":{"start":{"line":379,"column":13},"end":{"line":387,"column":9}},"type":"if","locations":[{"start":{"line":379,"column":13},"end":{"line":387,"column":9}},{"start":{"line":379,"column":13},"end":{"line":387,"column":9}}],"line":379},"83":{"loc":{"start":{"line":379,"column":17},"end":{"line":379,"column":81}},"type":"binary-expr","locations":[{"start":{"line":379,"column":17},"end":{"line":379,"column":40}},{"start":{"line":379,"column":44},"end":{"line":379,"column":81}}],"line":379},"84":{"loc":{"start":{"line":390,"column":8},"end":{"line":405,"column":9}},"type":"if","locations":[{"start":{"line":390,"column":8},"end":{"line":405,"column":9}},{"start":{"line":390,"column":8},"end":{"line":405,"column":9}}],"line":390},"85":{"loc":{"start":{"line":390,"column":12},"end":{"line":390,"column":62}},"type":"binary-expr","locations":[{"start":{"line":390,"column":12},"end":{"line":390,"column":35}},{"start":{"line":390,"column":39},"end":{"line":390,"column":62}}],"line":390},"86":{"loc":{"start":{"line":393,"column":13},"end":{"line":405,"column":9}},"type":"if","locations":[{"start":{"line":393,"column":13},"end":{"line":405,"column":9}},{"start":{"line":393,"column":13},"end":{"line":405,"column":9}}],"line":393},"87":{"loc":{"start":{"line":393,"column":17},"end":{"line":393,"column":81}},"type":"binary-expr","locations":[{"start":{"line":393,"column":17},"end":{"line":393,"column":40}},{"start":{"line":393,"column":44},"end":{"line":393,"column":81}}],"line":393},"88":{"loc":{"start":{"line":397,"column":13},"end":{"line":405,"column":9}},"type":"if","locations":[{"start":{"line":397,"column":13},"end":{"line":405,"column":9}},{"start":{"line":397,"column":13},"end":{"line":405,"column":9}}],"line":397},"89":{"loc":{"start":{"line":397,"column":17},"end":{"line":397,"column":81}},"type":"binary-expr","locations":[{"start":{"line":397,"column":17},"end":{"line":397,"column":40}},{"start":{"line":397,"column":44},"end":{"line":397,"column":81}}],"line":397},"90":{"loc":{"start":{"line":408,"column":8},"end":{"line":423,"column":9}},"type":"if","locations":[{"start":{"line":408,"column":8},"end":{"line":423,"column":9}},{"start":{"line":408,"column":8},"end":{"line":423,"column":9}}],"line":408},"91":{"loc":{"start":{"line":408,"column":12},"end":{"line":408,"column":62}},"type":"binary-expr","locations":[{"start":{"line":408,"column":12},"end":{"line":408,"column":35}},{"start":{"line":408,"column":39},"end":{"line":408,"column":62}}],"line":408},"92":{"loc":{"start":{"line":411,"column":13},"end":{"line":423,"column":9}},"type":"if","locations":[{"start":{"line":411,"column":13},"end":{"line":423,"column":9}},{"start":{"line":411,"column":13},"end":{"line":423,"column":9}}],"line":411},"93":{"loc":{"start":{"line":411,"column":17},"end":{"line":411,"column":81}},"type":"binary-expr","locations":[{"start":{"line":411,"column":17},"end":{"line":411,"column":40}},{"start":{"line":411,"column":44},"end":{"line":411,"column":81}}],"line":411},"94":{"loc":{"start":{"line":415,"column":13},"end":{"line":423,"column":9}},"type":"if","locations":[{"start":{"line":415,"column":13},"end":{"line":423,"column":9}},{"start":{"line":415,"column":13},"end":{"line":423,"column":9}}],"line":415},"95":{"loc":{"start":{"line":415,"column":17},"end":{"line":415,"column":81}},"type":"binary-expr","locations":[{"start":{"line":415,"column":17},"end":{"line":415,"column":40}},{"start":{"line":415,"column":44},"end":{"line":415,"column":81}}],"line":415},"96":{"loc":{"start":{"line":426,"column":8},"end":{"line":441,"column":9}},"type":"if","locations":[{"start":{"line":426,"column":8},"end":{"line":441,"column":9}},{"start":{"line":426,"column":8},"end":{"line":441,"column":9}}],"line":426},"97":{"loc":{"start":{"line":426,"column":12},"end":{"line":426,"column":62}},"type":"binary-expr","locations":[{"start":{"line":426,"column":12},"end":{"line":426,"column":35}},{"start":{"line":426,"column":39},"end":{"line":426,"column":62}}],"line":426},"98":{"loc":{"start":{"line":429,"column":13},"end":{"line":441,"column":9}},"type":"if","locations":[{"start":{"line":429,"column":13},"end":{"line":441,"column":9}},{"start":{"line":429,"column":13},"end":{"line":441,"column":9}}],"line":429},"99":{"loc":{"start":{"line":429,"column":17},"end":{"line":429,"column":81}},"type":"binary-expr","locations":[{"start":{"line":429,"column":17},"end":{"line":429,"column":40}},{"start":{"line":429,"column":44},"end":{"line":429,"column":81}}],"line":429},"100":{"loc":{"start":{"line":433,"column":13},"end":{"line":441,"column":9}},"type":"if","locations":[{"start":{"line":433,"column":13},"end":{"line":441,"column":9}},{"start":{"line":433,"column":13},"end":{"line":441,"column":9}}],"line":433},"101":{"loc":{"start":{"line":433,"column":17},"end":{"line":433,"column":81}},"type":"binary-expr","locations":[{"start":{"line":433,"column":17},"end":{"line":433,"column":40}},{"start":{"line":433,"column":44},"end":{"line":433,"column":81}}],"line":433},"102":{"loc":{"start":{"line":444,"column":8},"end":{"line":459,"column":9}},"type":"if","locations":[{"start":{"line":444,"column":8},"end":{"line":459,"column":9}},{"start":{"line":444,"column":8},"end":{"line":459,"column":9}}],"line":444},"103":{"loc":{"start":{"line":444,"column":12},"end":{"line":444,"column":62}},"type":"binary-expr","locations":[{"start":{"line":444,"column":12},"end":{"line":444,"column":35}},{"start":{"line":444,"column":39},"end":{"line":444,"column":62}}],"line":444},"104":{"loc":{"start":{"line":447,"column":13},"end":{"line":459,"column":9}},"type":"if","locations":[{"start":{"line":447,"column":13},"end":{"line":459,"column":9}},{"start":{"line":447,"column":13},"end":{"line":459,"column":9}}],"line":447},"105":{"loc":{"start":{"line":447,"column":17},"end":{"line":447,"column":81}},"type":"binary-expr","locations":[{"start":{"line":447,"column":17},"end":{"line":447,"column":40}},{"start":{"line":447,"column":44},"end":{"line":447,"column":81}}],"line":447},"106":{"loc":{"start":{"line":451,"column":13},"end":{"line":459,"column":9}},"type":"if","locations":[{"start":{"line":451,"column":13},"end":{"line":459,"column":9}},{"start":{"line":451,"column":13},"end":{"line":459,"column":9}}],"line":451},"107":{"loc":{"start":{"line":451,"column":17},"end":{"line":451,"column":81}},"type":"binary-expr","locations":[{"start":{"line":451,"column":17},"end":{"line":451,"column":40}},{"start":{"line":451,"column":44},"end":{"line":451,"column":81}}],"line":451},"108":{"loc":{"start":{"line":462,"column":8},"end":{"line":477,"column":9}},"type":"if","locations":[{"start":{"line":462,"column":8},"end":{"line":477,"column":9}},{"start":{"line":462,"column":8},"end":{"line":477,"column":9}}],"line":462},"109":{"loc":{"start":{"line":462,"column":12},"end":{"line":462,"column":62}},"type":"binary-expr","locations":[{"start":{"line":462,"column":12},"end":{"line":462,"column":35}},{"start":{"line":462,"column":39},"end":{"line":462,"column":62}}],"line":462},"110":{"loc":{"start":{"line":465,"column":13},"end":{"line":477,"column":9}},"type":"if","locations":[{"start":{"line":465,"column":13},"end":{"line":477,"column":9}},{"start":{"line":465,"column":13},"end":{"line":477,"column":9}}],"line":465},"111":{"loc":{"start":{"line":465,"column":17},"end":{"line":465,"column":81}},"type":"binary-expr","locations":[{"start":{"line":465,"column":17},"end":{"line":465,"column":40}},{"start":{"line":465,"column":44},"end":{"line":465,"column":81}}],"line":465},"112":{"loc":{"start":{"line":469,"column":13},"end":{"line":477,"column":9}},"type":"if","locations":[{"start":{"line":469,"column":13},"end":{"line":477,"column":9}},{"start":{"line":469,"column":13},"end":{"line":477,"column":9}}],"line":469},"113":{"loc":{"start":{"line":469,"column":17},"end":{"line":469,"column":81}},"type":"binary-expr","locations":[{"start":{"line":469,"column":17},"end":{"line":469,"column":40}},{"start":{"line":469,"column":44},"end":{"line":469,"column":81}}],"line":469},"114":{"loc":{"start":{"line":480,"column":8},"end":{"line":495,"column":9}},"type":"if","locations":[{"start":{"line":480,"column":8},"end":{"line":495,"column":9}},{"start":{"line":480,"column":8},"end":{"line":495,"column":9}}],"line":480},"115":{"loc":{"start":{"line":480,"column":12},"end":{"line":480,"column":62}},"type":"binary-expr","locations":[{"start":{"line":480,"column":12},"end":{"line":480,"column":35}},{"start":{"line":480,"column":39},"end":{"line":480,"column":62}}],"line":480},"116":{"loc":{"start":{"line":483,"column":13},"end":{"line":495,"column":9}},"type":"if","locations":[{"start":{"line":483,"column":13},"end":{"line":495,"column":9}},{"start":{"line":483,"column":13},"end":{"line":495,"column":9}}],"line":483},"117":{"loc":{"start":{"line":483,"column":17},"end":{"line":483,"column":81}},"type":"binary-expr","locations":[{"start":{"line":483,"column":17},"end":{"line":483,"column":40}},{"start":{"line":483,"column":44},"end":{"line":483,"column":81}}],"line":483},"118":{"loc":{"start":{"line":487,"column":13},"end":{"line":495,"column":9}},"type":"if","locations":[{"start":{"line":487,"column":13},"end":{"line":495,"column":9}},{"start":{"line":487,"column":13},"end":{"line":495,"column":9}}],"line":487},"119":{"loc":{"start":{"line":487,"column":17},"end":{"line":487,"column":81}},"type":"binary-expr","locations":[{"start":{"line":487,"column":17},"end":{"line":487,"column":40}},{"start":{"line":487,"column":44},"end":{"line":487,"column":81}}],"line":487},"120":{"loc":{"start":{"line":498,"column":8},"end":{"line":513,"column":9}},"type":"if","locations":[{"start":{"line":498,"column":8},"end":{"line":513,"column":9}},{"start":{"line":498,"column":8},"end":{"line":513,"column":9}}],"line":498},"121":{"loc":{"start":{"line":498,"column":12},"end":{"line":498,"column":62}},"type":"binary-expr","locations":[{"start":{"line":498,"column":12},"end":{"line":498,"column":35}},{"start":{"line":498,"column":39},"end":{"line":498,"column":62}}],"line":498},"122":{"loc":{"start":{"line":501,"column":13},"end":{"line":513,"column":9}},"type":"if","locations":[{"start":{"line":501,"column":13},"end":{"line":513,"column":9}},{"start":{"line":501,"column":13},"end":{"line":513,"column":9}}],"line":501},"123":{"loc":{"start":{"line":501,"column":17},"end":{"line":501,"column":81}},"type":"binary-expr","locations":[{"start":{"line":501,"column":17},"end":{"line":501,"column":40}},{"start":{"line":501,"column":44},"end":{"line":501,"column":81}}],"line":501},"124":{"loc":{"start":{"line":505,"column":13},"end":{"line":513,"column":9}},"type":"if","locations":[{"start":{"line":505,"column":13},"end":{"line":513,"column":9}},{"start":{"line":505,"column":13},"end":{"line":513,"column":9}}],"line":505},"125":{"loc":{"start":{"line":505,"column":17},"end":{"line":505,"column":81}},"type":"binary-expr","locations":[{"start":{"line":505,"column":17},"end":{"line":505,"column":40}},{"start":{"line":505,"column":44},"end":{"line":505,"column":81}}],"line":505},"126":{"loc":{"start":{"line":516,"column":8},"end":{"line":531,"column":9}},"type":"if","locations":[{"start":{"line":516,"column":8},"end":{"line":531,"column":9}},{"start":{"line":516,"column":8},"end":{"line":531,"column":9}}],"line":516},"127":{"loc":{"start":{"line":516,"column":12},"end":{"line":516,"column":62}},"type":"binary-expr","locations":[{"start":{"line":516,"column":12},"end":{"line":516,"column":35}},{"start":{"line":516,"column":39},"end":{"line":516,"column":62}}],"line":516},"128":{"loc":{"start":{"line":519,"column":13},"end":{"line":531,"column":9}},"type":"if","locations":[{"start":{"line":519,"column":13},"end":{"line":531,"column":9}},{"start":{"line":519,"column":13},"end":{"line":531,"column":9}}],"line":519},"129":{"loc":{"start":{"line":519,"column":17},"end":{"line":519,"column":81}},"type":"binary-expr","locations":[{"start":{"line":519,"column":17},"end":{"line":519,"column":40}},{"start":{"line":519,"column":44},"end":{"line":519,"column":81}}],"line":519},"130":{"loc":{"start":{"line":523,"column":13},"end":{"line":531,"column":9}},"type":"if","locations":[{"start":{"line":523,"column":13},"end":{"line":531,"column":9}},{"start":{"line":523,"column":13},"end":{"line":531,"column":9}}],"line":523},"131":{"loc":{"start":{"line":523,"column":17},"end":{"line":523,"column":81}},"type":"binary-expr","locations":[{"start":{"line":523,"column":17},"end":{"line":523,"column":40}},{"start":{"line":523,"column":44},"end":{"line":523,"column":81}}],"line":523},"132":{"loc":{"start":{"line":534,"column":8},"end":{"line":549,"column":9}},"type":"if","locations":[{"start":{"line":534,"column":8},"end":{"line":549,"column":9}},{"start":{"line":534,"column":8},"end":{"line":549,"column":9}}],"line":534},"133":{"loc":{"start":{"line":534,"column":12},"end":{"line":534,"column":62}},"type":"binary-expr","locations":[{"start":{"line":534,"column":12},"end":{"line":534,"column":35}},{"start":{"line":534,"column":39},"end":{"line":534,"column":62}}],"line":534},"134":{"loc":{"start":{"line":537,"column":13},"end":{"line":549,"column":9}},"type":"if","locations":[{"start":{"line":537,"column":13},"end":{"line":549,"column":9}},{"start":{"line":537,"column":13},"end":{"line":549,"column":9}}],"line":537},"135":{"loc":{"start":{"line":537,"column":17},"end":{"line":537,"column":81}},"type":"binary-expr","locations":[{"start":{"line":537,"column":17},"end":{"line":537,"column":40}},{"start":{"line":537,"column":44},"end":{"line":537,"column":81}}],"line":537},"136":{"loc":{"start":{"line":541,"column":13},"end":{"line":549,"column":9}},"type":"if","locations":[{"start":{"line":541,"column":13},"end":{"line":549,"column":9}},{"start":
[...]
ch/Thesis/code/mc2wasm-lib/test/node/ts/env-variables.ts":{"path":"/Users/davidherrera/Documents/Research/Thesis/code/mc2wasm-lib/test/node/ts/env-variables.ts","statementMap":{"0":{"start":{"line":2,"column":0},"end":{"line":2,"column":62}},"1":{"start":{"line":3,"column":0},"end":{"line":6,"column":2}}},"fnMap":{},"branchMap":{},"s":{"0":1,"1":1},"f":{},"b":{},"_coverageSchema":"43e27e138ebf9cfc5966b082cf9a028302ed4184","hash":"a8e0a39d388d8ced06f949454c36bbffa049a3a3","contentHash":"7d03f90acbb0ff49ccc0fd70898a23caa7e1258681f1aee12aee3cb7477e58eb"},"/Users/davidherrera/Documents/Research/Thesis/code/mc2wasm-lib/bin/matmachjs-lib.js":{"path":"/Users/davidherrera/Documents/Research/Thesis/code/mc2wasm-lib/bin/matmachjs-lib.js","statementMap":{"0":{"start":{"line":1,"column":24},"end":{"line":1,"column":39}},"1":{"start":{"line":3,"column":13},"end":{"line":3,"column":15}},"2":{"start":{"line":8,"column":23},"end":{"line":8,"column":28}},"3":{"start":{"line":9,"column":25},"end":{"line":9,"column":33}},"4":{"start":{"line":10,"column":18},"end":{"line":10,"column":25}},"5":{"start":{"line":11,"column":19},"end":{"line":11,"column":29}},"6":{"start":{"line":38,"column":0},"end":{"line":38,"column":96}},"7":{"start":{"line":39,"column":0},"end":{"line":39,"column":21}},"8":{"start":{"line":45,"column":0},"end":{"line":45,"column":44}},"9":{"start":{"line":46,"column":0},"end":{"line":48,"column":64}},"10":{"start":{"line":47,"column":4},"end":{"line":48,"column":64}},"11":{"start":{"line":53,"column":0},"end":{"line":53,"column":44}},"12":{"start":{"line":54,"column":0},"end":{"line":54,"column":91}},"13":{"start":{"line":55,"column":0},"end":{"line":55,"column":37}},"14":{"start":{"line":56,"column":0},"end":{"line":56,"column":43}},"15":{"start":{"line":57,"column":0},"end":{"line":57,"column":26}},"16":{"start":{"line":58,"column":0},"end":{"line":58,"column":26}},"17":{"start":{"line":63,"column":0},"end":{"line":63,"column":21}},"18":{"start":{"line":64,"column":20},"end":{"line":64,"column":24}},"19":{"start":{"line":65,"column":28},"end":{"line":65,"column":32}},"20":{"start":{"line":72,"column":19},"end":{"line":72,"column":23}},"21":{"start":{"line":73,"column":20},"end":{"line":73,"column":22}},"22":{"start":{"line":74,"column":0},"end":{"line":74,"column":26}},"23":{"start":{"line":76,"column":0},"end":{"line":76,"column":37}},"24":{"start":{"line":78,"column":0},"end":{"line":78,"column":18}},"25":{"start":{"line":81,"column":0},"end":{"line":81,"column":32}},"26":{"start":{"line":82,"column":0},"end":{"line":82,"column":47}},"27":{"start":{"line":83,"column":0},"end":{"line":83,"column":37}},"28":{"start":{"line":84,"column":0},"end":{"line":84,"column":38}},"29":{"start":{"line":86,"column":0},"end":{"line":86,"column":20}},"30":{"start":{"line":88,"column":0},"end":{"line":88,"column":41}},"31":{"start":{"line":91,"column":0},"end":{"line":91,"column":77}},"32":{"start":{"line":99,"column":2},"end":{"line":99,"column":36}},"33":{"start":{"line":99,"column":15},"end":{"line":99,"column":36}},"34":{"start":{"line":100,"column":12},"end":{"line":100,"column":52}},"35":{"start":{"line":101,"column":2},"end":{"line":101,"column":13}},"36":{"start":{"line":108,"column":2},"end":{"line":108,"column":24}},"37":{"start":{"line":109,"column":12},"end":{"line":109,"column":21}},"38":{"start":{"line":110,"column":2},"end":{"line":110,"column":44}},"39":{"start":{"line":111,"column":2},"end":{"line":111,"column":13}},"40":{"start":{"line":120,"column":2},"end":{"line":120,"column":169}},"41":{"start":{"line":129,"column":2},"end":{"line":135,"column":3}},"42":{"start":{"line":130,"column":4},"end":{"line":130,"column":22}},"43":{"start":{"line":131,"column":4},"end":{"line":131,"column":23}},"44":{"start":{"line":132,"column":4},"end":{"line":132,"column":31}},"45":{"start":{"line":134,"column":4},"end":{"line":134,"column":14}},"46":{"start":{"line":137,"column":2},"end":{"line":137,"column":15}},"47":{"start":{"line":138,"column":2},"end":{"line":138,"column":17}},"48":{"start":{"line":139,"column":17},"end":{"line":139,"column":32}},"49":{"start":{"line":140,"column":2},"end":{"line":140,"column":15}},"50":{"start":{"line":148,"column":2},"end":{"line":150,"column":3}},"51":{"start":{"line":149,"column":4},"end":{"line":149,"column":39}},"52":{"start":{"line":156,"column":2},"end":{"line":156,"column":56}},"53":{"start":{"line":161,"column":0},"end":{"line":161,"column":50}},"54":{"start":{"line":169,"column":4},"end":{"line":170,"column":53}},"55":{"start":{"line":169,"column":37},"end":{"line":169,"column":88}},"56":{"start":{"line":170,"column":9},"end":{"line":170,"column":53}},"57":{"start":{"line":171,"column":4},"end":{"line":171,"column":17}},"58":{"start":{"line":179,"column":4},"end":{"line":179,"column":36}},"59":{"start":{"line":186,"column":2},"end":{"line":186,"column":22}},"60":{"start":{"line":192,"column":4},"end":{"line":192,"column":52}},"61":{"start":{"line":193,"column":4},"end":{"line":193,"column":55}},"62":{"start":{"line":194,"column":4},"end":{"line":194,"column":55}},"63":{"start":{"line":195,"column":4},"end":{"line":195,"column":55}},"64":{"start":{"line":196,"column":4},"end":{"line":196,"column":58}},"65":{"start":{"line":197,"column":4},"end":{"line":197,"column":58}},"66":{"start":{"line":198,"column":4},"end":{"line":198,"column":59}},"67":{"start":{"line":199,"column":4},"end":{"line":199,"column":59}},"68":{"start":{"line":207,"column":4},"end":{"line":207,"column":41}},"69":{"start":{"line":208,"column":14},"end":{"line":208,"column":30}},"70":{"start":{"line":209,"column":18},"end":{"line":209,"column":32}},"71":{"start":{"line":210,"column":4},"end":{"line":221,"column":5}},"72":{"start":{"line":211,"column":21},"end":{"line":211,"column":81}},"73":{"start":{"line":212,"column":8},"end":{"line":217,"column":9}},"74":{"start":{"line":214,"column":12},"end":{"line":214,"column":66}},"75":{"start":{"line":216,"column":12},"end":{"line":216,"column":24}},"76":{"start":{"line":219,"column":8},"end":{"line":219,"column":136}},"77":{"start":{"line":220,"column":8},"end":{"line":220,"column":20}},"78":{"start":{"line":229,"column":4},"end":{"line":231,"column":5}},"79":{"start":{"line":230,"column":6},"end":{"line":230,"column":37}},"80":{"start":{"line":232,"column":4},"end":{"line":232,"column":13}},"81":{"start":{"line":239,"column":4},"end":{"line":239,"column":53}},"82":{"start":{"line":242,"column":27},"end":{"line":242,"column":41}},"83":{"start":{"line":243,"column":18},"end":{"line":243,"column":44}},"84":{"start":{"line":245,"column":4},"end":{"line":248,"column":5}},"85":{"start":{"line":246,"column":8},"end":{"line":246,"column":144}},"86":{"start":{"line":247,"column":8},"end":{"line":247,"column":21}},"87":{"start":{"line":250,"column":27},"end":{"line":250,"column":39}},"88":{"start":{"line":251,"column":4},"end":{"line":251,"column":60}},"89":{"start":{"line":253,"column":4},"end":{"line":259,"column":5}},"90":{"start":{"line":254,"column":8},"end":{"line":258,"column":9}},"91":{"start":{"line":255,"column":12},"end":{"line":255,"column":68}},"92":{"start":{"line":257,"column":12},"end":{"line":257,"column":104}},"93":{"start":{"line":261,"column":18},"end":{"line":261,"column":28}},"94":{"start":{"line":263,"column":22},"end":{"line":263,"column":59}},"95":{"start":{"line":264,"column":4},"end":{"line":272,"column":5}},"96":{"start":{"line":265,"column":4},"end":{"line":265,"column":130}},"97":{"start":{"line":266,"column":4},"end":{"line":268,"column":5}},"98":{"start":{"line":267,"column":8},"end":{"line":267,"column":154}},"99":{"start":{"line":270,"column":4},"end":{"line":270,"column":36}},"100":{"start":{"line":271,"column":4},"end":{"line":271,"column":17}},"101":{"start":{"line":275,"column":4},"end":{"line":275,"column":36}},"102":{"start":{"line":276,"column":4},"end":{"line":276,"column":30}},"103":{"start":{"line":278,"column":4},"end":{"line":278,"column":196}},"104":{"start":{"line":279,"column":4},"end":{"line":279,"column":16}},"105":{"start":{"line":289,"column":14},"end":{"line":289,"column":62}},"106":{"start":{"line":290,"column":4},"end":{"line":290,"column":21}},"107":{"start":{"line":298,"column":16},"end":{"line":298,"column":72}},"108":{"start":{"line":299,"column":17},"end":{"line":299,"column":54}},"109":{"start":{"line":300,"column":4},"end":{"line":300,"column":28}},"110":{"start":{"line":304,"column":16},"end":{"line":304,"column":72}},"111":{"start":{"line":305,"column":17},"end":{"line":305,"column":54}},"112":{"start":{"line":306,"column":4},"end":{"line":306,"column":24}},"113":{"start":{"line":312,"column":12},"end":{"line":312,"column":13}},"114":{"start":{"line":312,"column":19},"end":{"line":312,"column":20}},"115":{"start":{"line":313,"column":4},"end":{"line":313,"column":37}},"116":{"start":{"line":313,"column":19},"end":{"line":313,"column":37}},"117":{"start":{"line":314,"column":4},"end":{"line":314,"column":37}},"118":{"start":{"line":314,"column":19},"end":{"line":314,"column":37}},"119":{"start":{"line":315,"column":4},"end":{"line":315,"column":77}},"120":{"start":{"line":323,"column":1},"end":{"line":323,"column":22}},"121":{"start":{"line":324,"column":1},"end":{"line":324,"column":15}},"122":{"start":{"line":331,"column":4},"end":{"line":331,"column":58}},"123":{"start":{"line":332,"column":4},"end":{"line":332,"column":16}},"124":{"start":{"line":338,"column":0},"end":{"line":347,"column":2}},"125":{"start":{"line":346,"column":15},"end":{"line":346,"column":25}},"126":{"start":{"line":349,"column":0},"end":{"line":351,"column":2}},"127":{"start":{"line":350,"column":20},"end":{"line":350,"column":41}},"128":{"start":{"line":353,"column":0},"end":{"line":373,"column":2}},"129":{"start":{"line":354,"column":19},"end":{"line":354,"column":20}},"130":{"start":{"line":355,"column":19},"end":{"line":355,"column":32}},"131":{"start":{"line":356,"column":20},"end":{"line":356,"column":27}},"132":{"start":{"line":357,"column":23},"end":{"line":357,"column":51}},"133":{"start":{"line":358,"column":19},"end":{"line":358,"column":20}},"134":{"start":{"line":371,"column":15},"end":{"line":371,"column":22}},"135":{"start":{"line":372,"column":14},"end":{"line":372,"column":20}},"136":{"start":{"line":375,"column":0},"end":{"line":388,"column":2}},"137":{"start":{"line":390,"column":0},"end":{"line":390,"column":24}}},"fnMap":{"0":{"name":"alignMemory","decl":{"start":{"line":98,"column":9},"end":{"line":98,"column":20}},"loc":{"start":{"line":98,"column":35},"end":{"line":102,"column":1}},"line":98},"1":{"name":"staticAlloc","decl":{"start":{"line":107,"column":9},"end":{"line":107,"column":20}},"loc":{"start":{"line":107,"column":27},"end":{"line":112,"column":1}},"line":107},"2":{"name":"abortStackOverflow","decl":{"start":{"line":119,"column":9},"end":{"line":119,"column":27}},"loc":{"start":{"line":119,"column":39},"end":{"line":121,"column":1}},"line":119},"3":{"name":"abort","decl":{"start":{"line":128,"column":9},"end":{"line":128,"column":14}},"loc":{"start":{"line":128,"column":21},"end":{"line":141,"column":1}},"line":128},"4":{"name":"assert","decl":{"start":{"line":147,"column":9},"end":{"line":147,"column":15}},"loc":{"start":{"line":147,"column":33},"end":{"line":151,"column":1}},"line":147},"5":{"name":"abortOnCannotGrowMemory","decl":{"start":{"line":155,"column":9},"end":{"line":155,"column":32}},"loc":{"start":{"line":155,"column":35},"end":{"line":157,"column":1}},"line":155},"6":{"name":"___setErrNo","decl":{"start":{"line":168,"column":9},"end":{"line":168,"column":20}},"loc":{"start":{"line":168,"column":28},"end":{"line":172,"column":1}},"line":168},"7":{"name":"updateGlobalBuffer","decl":{"start":{"line":178,"column":9},"end":{"line":178,"column":27}},"loc":{"start":{"line":178,"column":33},"end":{"line":180,"column":1}},"line":178},"8":{"name":"getTotalMemory","decl":{"start":{"line":185,"column":9},"end":{"line":185,"column":23}},"loc":{"start":{"line":185,"column":26},"end":{"line":187,"column":1}},"line":185},"9":{"name":"updateGlobalBufferViews","decl":{"start":{"line":191,"column":9},"end":{"line":191,"column":32}},"loc":{"start":{"line":191,"column":35},"end":{"line":200,"column":1}},"line":191},"10":{"name":"wasmReallocBuffer","decl":{"start":{"line":205,"column":9},"end":{"line":205,"column":26}},"loc":{"start":{"line":205,"column":33},"end":{"line":222,"column":1}},"line":205},"11":{"name":"alignUp","decl":{"start":{"line":228,"column":9},"end":{"line":228,"column":16}},"loc":{"start":{"line":228,"column":30},"end":{"line":233,"column":3}},"line":228},"12":{"name":"enlargeMemory","decl":{"start":{"line":237,"column":9},"end":{"line":237,"column":22}},"loc":{"start":{"line":237,"column":25},"end":{"line":280,"column":1}},"line":237},"13":{"name":"printArrayDouble","decl":{"start":{"line":288,"column":9},"end":{"line":288,"column":25}},"loc":{"start":{"line":288,"column":43},"end":{"line":291,"column":1}},"line":288},"14":{"name":"printError","decl":{"start":{"line":297,"column":9},"end":{"line":297,"column":19}},"loc":{"start":{"line":297,"column":36},"end":{"line":301,"column":1}},"line":297},"15":{"name":"printString","decl":{"start":{"line":303,"column":9},"end":{"line":303,"column":20}},"loc":{"start":{"line":303,"column":37},"end":{"line":307,"column":1}},"line":303},"16":{"name":"randn","decl":{"start":{"line":311,"column":9},"end":{"line":311,"column":14}},"loc":{"start":{"line":311,"column":17},"end":{"line":316,"column":1}},"line":311},"17":{"name":"printDouble","decl":{"start":{"line":321,"column":9},"end":{"line":321,"column":20}},"loc":{"start":{"line":322,"column":0},"end":{"line":325,"column":1}},"line":322},"18":{"name":"printTime","decl":{"start":{"line":330,"column":9},"end":{"line":330,"column":18}},"loc":{"start":{"line":330,"column":24},"end":{"line":333,"column":1}},"line":330},"19":{"name":"(anonymous_19)","decl":{"start":{"line":346,"column":11},"end":{"line":346,"column":12}},"loc":{"start":{"line":346,"column":15},"end":{"line":346,"column":25}},"line":346},"20":{"name":"(anonymous_20)","decl":{"start":{"line":350,"column":16},"end":{"line":350,"column":17}},"loc":{"start":{"line":350,"column":20},"end":{"line":350,"column":41}},"line":350},"21":{"name":"(anonymous_21)","decl":{"start":{"line":354,"column":13},"end":{"line":354,"column":14}},"loc":{"start":{"line":354,"column":19},"end":{"line":354,"column":20}},"line":354},"22":{"name":"(anonymous_22)","decl":{"start":{"line":355,"column":13},"end":{"line":355,"column":14}},"loc":{"start":{"line":355,"column":19},"end":{"line":355,"column":32}},"line":355},"23":{"name":"(anonymous_23)","decl":{"start":{"line":356,"column":14},"end":{"line":356,"column":15}},"loc":{"start":{"line":356,"column":20},"end":{"line":356,"column":27}},"line":356},"24":{"name":"(anonymous_24)","decl":{"start":{"line":357,"column":14},"end":{"line":357,"column":15}},"loc":{"start":{"line":357,"column":23},"end":{"line":357,"column":51}},"line":357},"25":{"name":"(anonymous_25)","decl":{"start":{"line":358,"column":14},"end":{"line":358,"column":15}},"loc":{"start":{"line":358,"column":19},"end":{"line":358,"column":20}},"line":358},"26":{"name":"(anonymous_26)","decl":{"start":{"line":371,"column":11},"end":{"line":371,"column":12}},"loc":{"start":{"line":371,"column":15},"end":{"line":371,"column":22}},"line":371},"27":{"name":"(anonymous_27)","decl":{"start":{"line":372,"column":10},"end":{"line":372,"column":11}},"loc":{"start":{"line":372,"column":14},"end":{"line":372,"column":20}},"line":372}},"branchMap":{"0":{"loc":{"start":{"line":46,"column":0},"end":{"line":48,"column":64}},"type":"if","locations":[{"start":{"line":46,"column":0},"end":{"line":48,"column":64}},{"start":{"line":46,"column":0},"end":{"line":48,"column":64}}],"line":46},"1":{"loc":{"start":{"line":99,"column":2},"end":{"line":99,"column":36}},"type":"if","locations":[{"start":{"line":99,"column":2},"end":{"line":99,"column":36}},{"start":{"line":99,"column":2},"end":{"line":99,"column":36}}],"line":99},"2":{"loc":{"start":{"line":129,"column":2},"end":{"line":135,"column":3}},"type":"if","locations":[{"start":{"line":129,"column":2},"end":{"line":135,"column":3}},{"start":{"line":129,"column":2},"end":{"line":135,"column":3}}],"line":129},"3":{"loc":{"start":{"line":148,"column":2},"end":{"line":150,"column":3}},"type":"if","locations":[{"start":{"line":148,"column":2},"end":{"line":150,"column":3}},{"start":{"line":148,"column":2},"end":{"line":150,"column":3}}],"line":148},"4":{"loc":{"start":{"line":169,"column":4},"end":{"line":170,"column":53}},"type":"if","locations":[{"start":{"line":169,"column":4},"end":{"line":170,"column":53}},{"start":{"line":169,"column":4},"end":{"line":170,"column":53}}],"line":169},"5":{"loc":{"start":{"line":212,"column":8},"end":{"line":217,"column":9}},"type":"if","locations":[{"start":{"line":212,"column":8},"end":{"line":217,"column":9}},{"start":{"line":212,"column":8},"end":{"line":217,"column":9}}],"line":212},"6":{"loc":{"start":{"line":229,"column":4},"end":{"line":231,"column":5}},"type":"if","locations":[{"start":{"line":229,"column":4},"end":{"line":231,"column":5}},{"start":{"line":229,"column":4},"end":{"line":231,"column":5}}],"line":229},"7":{"loc":{"start":{"line":245,"column":4},"end":{"line":248,"column":5}},"type":"if","locations":[{"start":{"line":245,"column":4},"end":{"line":248,"column":5}},{"start":{"line":245,"column":4},"end":{"line":248,"column":5}}],"line":245},"8":{"loc":{"start":{"line":254,"column":8},"end":{"line":258,"column":9}},"type":"if","locations":[{"start":{"line":254,"column":8},"end":{"line":258,"column":9}},{"start":{"line":254,"column":8},"end":{"line":258,"column":9}}],"line":254},"9":{"loc":{"start":{"line":264,"column":4},"end":{"line":272,"column":5}},"type":"if","locations":[{"start":{"line":264,"column":4},"end":{"line":272,"column":5}},{"start":{"line":264,"column":4},"end":{"line":272,"column":5}}],"line":264},"10":{"loc":{"start":{"line":264,"column":8},"end":{"line":264,"column":62}},"type":"binary-expr","locations":[{"start":{"line":264,"column":8},"end":{"line":264,"column":20}},{"start":{"line":264,"column":24},"end":{"line":264,"column":62}}],"line":264},"11":{"loc":{"start":{"line":266,"column":4},"end":{"line":268,"column":5}},"type":"if","locations":[{"start":{"line":266,"column":4},"end":{"line":268,"column":5}},{"start":{"line":266,"column":4},"end":{"line":268,"column":5}}],"line":266}},"s":{"0":1,"1":1,"2":1,"3":1,"4":1,"5":1,"6":1,"7":1,"8":1,"9":1,"10":0,"11":1,"12":1,"13":1,"14":1,"15":1,"16":1,"17":1,"18":1,"19":1,"20":1,"21":1,"22":1,"23":1,"24":1,"25":1,"26":1,"27":1,"28":1,"29":1,"30":1,"31":1,"32":2,"33":2,"34":2,"35":2,"36":2,"37":2,"38":2,"39":2,"40":0,"41":0,"42":0,"43":0,"44":0,"45":0,"46":0,"47":0,"48":0,"49":0,"50":5,"51":0,"52":0,"53":1,"54":0,"55":0,"56":0,"57":0,"58":0,"59":2,"60":1,"61":1,"62":1,"63":1,"64":1,"65":1,"66":1,"67":1,"68":0,"69":0,"70":0,"71":0,"72":0,"73":0,"74":0,"75":0,"76":0,"77":0,"78":0,"79":0,"80":0,"81":0,"82":0,"83":0,"84":0,"85":0,"86":0,"87":0,"88":0,"89":0,"90":0,"91":0,"92":0,"93":0,"94":0,"95":0,"96":0,"97":0,"98":0,"99":0,"100":0,"101":0,"102":0,"103":0,"104":0,"105":0,"106":0,"107":0,"108":0,"109":0,"110":0,"111":0,"112":0,"113":0,"114":0,"115":0,"116":0,"117":0,"118":0,"119":0,"120":0,"121":0,"122":0,"123":0,"124":1,"125":0,"126":1,"127":0,"128":1,"129":0,"130":0,"131":0,"132":0,"133":0,"134":0,"135":0,"136":1,"137":1},"f":{"0":2,"1":2,"2":0,"3":0,"4":5,"5":0,"6":0,"7":0,"8":2,"9":1,"10":0,"11":0,"12":0,"13":0,"14":0,"15":0,"16":0,"17":0,"18":0,"19":0,"20":0,"21":0,"22":0,"23":0,"24":0,"25":0,"26":0,"27":0},"b":{"0":[0,1],"1":[2,0],"2":[0,0],"3":[0,5],"4":[0,0],"5":[0,0],"6":[0,0],"7":[0,0],"8":[0,0],"9":[0,0],"10":[0,0],"11":[0,0]},"_coverageSchema":"43e27e138ebf9cfc5966b082cf9a028302ed4184","hash":"3cc607034ea6eb9daf88f18d4f35d56ea0d4dbdc","contentHash":"7a0694ffe570dbbbb709fcdf325842aa456cdf5dd69391bdb288b5d043d6c990"}}